mode: set
github.com/mautops/approval-gin/main.go:27.13,29.2 1 0
github.com/mautops/approval-gin/cmd/migrate.go:27.54,31.17 3 0
github.com/mautops/approval-gin/cmd/migrate.go:31.17,33.4 1 0
github.com/mautops/approval-gin/cmd/migrate.go:36.3,39.17 3 0
github.com/mautops/approval-gin/cmd/migrate.go:39.17,41.4 1 0
github.com/mautops/approval-gin/cmd/migrate.go:42.3,42.16 1 0
github.com/mautops/approval-gin/cmd/migrate.go:42.16,44.20 2 0
github.com/mautops/approval-gin/cmd/migrate.go:44.20,46.5 1 0
github.com/mautops/approval-gin/cmd/migrate.go:50.3,51.46 2 0
github.com/mautops/approval-gin/cmd/migrate.go:51.46,53.4 1 0
github.com/mautops/approval-gin/cmd/migrate.go:55.3,56.13 2 0
github.com/mautops/approval-gin/cmd/migrate.go:60.13,65.2 2 0
github.com/mautops/approval-gin/cmd/root.go:26.16,28.16 2 0
github.com/mautops/approval-gin/cmd/root.go:28.16,30.3 1 0
github.com/mautops/approval-gin/cmd/root.go:33.14,35.2 0 0
github.com/mautops/approval-gin/cmd/root.go:38.34,40.2 1 0
github.com/mautops/approval-gin/cmd/server.go:34.54,38.17 3 0
github.com/mautops/approval-gin/cmd/server.go:38.17,40.4 1 0
github.com/mautops/approval-gin/cmd/server.go:43.3,44.17 2 0
github.com/mautops/approval-gin/cmd/server.go:44.17,46.4 1 0
github.com/mautops/approval-gin/cmd/server.go:47.3,76.13 15 0
github.com/mautops/approval-gin/cmd/server.go:76.13,78.78 2 0
github.com/mautops/approval-gin/cmd/server.go:78.78,80.5 1 0
github.com/mautops/approval-gin/cmd/server.go:84.3,93.43 7 0
github.com/mautops/approval-gin/cmd/server.go:93.43,95.4 1 0
github.com/mautops/approval-gin/cmd/server.go:97.3,98.13 2 0
github.com/mautops/approval-gin/cmd/server.go:110.15,115.2 3 0
github.com/mautops/approval-gin/cmd/server.go:115.2,118.3 2 0
github.com/mautops/approval-gin/cmd/server.go:118.3,125.4 6 0
github.com/mautops/approval-gin/cmd/server.go:128.3,129.3 2 0
github.com/mautops/approval-gin/cmd/server.go:129.3,151.4 19 0
github.com/mautops/approval-gin/cmd/server.go:154.3,155.3 2 0
github.com/mautops/approval-gin/cmd/server.go:155.3,160.4 4 0
github.com/mautops/approval-gin/cmd/server.go:163.2,163.15 1 0
github.com/mautops/approval-gin/cmd/server.go:166.13,173.2 4 0
github.com/mautops/approval-gin/cmd/server.go:176.60,178.2 1 0
github.com/mautops/approval-gin/docs/docs.go:1892.13,1894.2 1 0
github.com/mautops/approval-gin/internal/api/backup_controller.go:16.82,20.2 1 0
github.com/mautops/approval-gin/internal/api/backup_controller.go:32.59,34.16 2 0
github.com/mautops/approval-gin/internal/api/backup_controller.go:34.16,37.3 2 0
github.com/mautops/approval-gin/internal/api/backup_controller.go:40.2,41.16 2 0
github.com/mautops/approval-gin/internal/api/backup_controller.go:41.16,44.3 2 0
github.com/mautops/approval-gin/internal/api/backup_controller.go:47.2,48.28 2 0
github.com/mautops/approval-gin/internal/api/backup_controller.go:48.28,49.27 1 0
github.com/mautops/approval-gin/internal/api/backup_controller.go:49.27,51.9 2 0
github.com/mautops/approval-gin/internal/api/backup_controller.go:55.2,55.23 1 0
github.com/mautops/approval-gin/internal/api/backup_controller.go:55.23,58.3 2 0
github.com/mautops/approval-gin/internal/api/backup_controller.go:60.2,60.26 1 0
github.com/mautops/approval-gin/internal/api/backup_controller.go:73.58,75.16 2 0
github.com/mautops/approval-gin/internal/api/backup_controller.go:75.16,78.3 2 0
github.com/mautops/approval-gin/internal/api/backup_controller.go:80.2,80.23 1 0
github.com/mautops/approval-gin/internal/api/backup_controller.go:95.60,97.20 2 0
github.com/mautops/approval-gin/internal/api/backup_controller.go:97.20,100.3 2 0
github.com/mautops/approval-gin/internal/api/backup_controller.go:103.2,104.16 2 0
github.com/mautops/approval-gin/internal/api/backup_controller.go:104.16,107.3 2 0
github.com/mautops/approval-gin/internal/api/backup_controller.go:109.2,110.28 2 0
github.com/mautops/approval-gin/internal/api/backup_controller.go:110.28,111.29 1 0
github.com/mautops/approval-gin/internal/api/backup_controller.go:111.29,113.9 2 0
github.com/mautops/approval-gin/internal/api/backup_controller.go:117.2,117.22 1 0
github.com/mautops/approval-gin/internal/api/backup_controller.go:117.22,120.3 2 0
github.com/mautops/approval-gin/internal/api/backup_controller.go:122.2,122.89 1 0
github.com/mautops/approval-gin/internal/api/backup_controller.go:122.89,125.3 2 0
github.com/mautops/approval-gin/internal/api/backup_controller.go:127.2,127.19 1 0
github.com/mautops/approval-gin/internal/api/backup_controller.go:142.59,144.20 2 0
github.com/mautops/approval-gin/internal/api/backup_controller.go:144.20,147.3 2 0
github.com/mautops/approval-gin/internal/api/backup_controller.go:149.2,149.86 1 0
github.com/mautops/approval-gin/internal/api/backup_controller.go:149.86,152.3 2 0
github.com/mautops/approval-gin/internal/api/backup_controller.go:154.2,154.19 1 0
github.com/mautops/approval-gin/internal/api/cors.go:10.62,11.30 1 0
github.com/mautops/approval-gin/internal/api/cors.go:11.30,16.48 3 0
github.com/mautops/approval-gin/internal/api/cors.go:16.48,17.55 1 0
github.com/mautops/approval-gin/internal/api/cors.go:17.55,19.10 2 0
github.com/mautops/approval-gin/internal/api/cors.go:23.3,23.14 1 0
github.com/mautops/approval-gin/internal/api/cors.go:23.14,26.4 2 0
github.com/mautops/approval-gin/internal/api/cors.go:28.3,33.36 5 0
github.com/mautops/approval-gin/internal/api/cors.go:33.36,36.4 2 0
github.com/mautops/approval-gin/internal/api/cors.go:38.3,38.11 1 0
github.com/mautops/approval-gin/internal/api/csrf.go:25.38,35.2 1 0
github.com/mautops/approval-gin/internal/api/csrf.go:51.50,61.2 3 0
github.com/mautops/approval-gin/internal/api/csrf.go:64.53,66.16 2 0
github.com/mautops/approval-gin/internal/api/csrf.go:66.16,68.3 1 0
github.com/mautops/approval-gin/internal/api/csrf.go:70.2,77.19 4 0
github.com/mautops/approval-gin/internal/api/csrf.go:81.54,82.17 1 0
github.com/mautops/approval-gin/internal/api/csrf.go:82.17,84.3 1 0
github.com/mautops/approval-gin/internal/api/csrf.go:86.2,90.13 4 0
github.com/mautops/approval-gin/internal/api/csrf.go:90.13,92.3 1 0
github.com/mautops/approval-gin/internal/api/csrf.go:95.2,95.43 1 0
github.com/mautops/approval-gin/internal/api/csrf.go:95.43,100.3 4 0
github.com/mautops/approval-gin/internal/api/csrf.go:102.2,102.13 1 0
github.com/mautops/approval-gin/internal/api/csrf.go:106.44,110.21 3 0
github.com/mautops/approval-gin/internal/api/csrf.go:110.21,113.42 3 0
github.com/mautops/approval-gin/internal/api/csrf.go:113.42,114.38 1 0
github.com/mautops/approval-gin/internal/api/csrf.go:114.38,116.5 1 0
github.com/mautops/approval-gin/internal/api/csrf.go:118.3,118.16 1 0
github.com/mautops/approval-gin/internal/api/csrf.go:123.57,124.19 1 0
github.com/mautops/approval-gin/internal/api/csrf.go:124.19,126.3 1 0
github.com/mautops/approval-gin/internal/api/csrf.go:128.2,130.30 2 0
github.com/mautops/approval-gin/internal/api/csrf.go:130.30,134.43 1 0
github.com/mautops/approval-gin/internal/api/csrf.go:134.43,139.4 3 0
github.com/mautops/approval-gin/internal/api/csrf.go:142.3,145.18 2 0
github.com/mautops/approval-gin/internal/api/csrf.go:145.18,147.18 2 0
github.com/mautops/approval-gin/internal/api/csrf.go:147.18,149.5 1 0
github.com/mautops/approval-gin/internal/api/csrf.go:153.3,153.34 1 0
github.com/mautops/approval-gin/internal/api/csrf.go:153.34,160.4 3 0
github.com/mautops/approval-gin/internal/api/csrf.go:163.3,164.11 2 0
github.com/mautops/approval-gin/internal/api/csrf.go:169.51,171.13 2 0
github.com/mautops/approval-gin/internal/api/csrf.go:171.13,175.3 2 0
github.com/mautops/approval-gin/internal/api/csrf.go:177.2,178.9 2 0
github.com/mautops/approval-gin/internal/api/csrf.go:178.9,181.3 2 0
github.com/mautops/approval-gin/internal/api/csrf.go:183.2,184.16 2 0
github.com/mautops/approval-gin/internal/api/csrf.go:184.16,186.3 1 0
github.com/mautops/approval-gin/internal/api/csrf.go:189.2,200.19 3 0
github.com/mautops/approval-gin/internal/api/csrf.go:204.54,206.44 2 0
github.com/mautops/approval-gin/internal/api/csrf.go:206.44,208.3 1 0
github.com/mautops/approval-gin/internal/api/csrf.go:209.2,209.54 1 0
github.com/mautops/approval-gin/internal/api/csrf.go:213.43,217.2 3 0
github.com/mautops/approval-gin/internal/api/error_handler.go:17.35,19.2 1 0
github.com/mautops/approval-gin/internal/api/error_handler.go:22.47,23.30 1 0
github.com/mautops/approval-gin/internal/api/error_handler.go:23.30,26.24 2 0
github.com/mautops/approval-gin/internal/api/error_handler.go:26.24,30.31 3 0
github.com/mautops/approval-gin/internal/api/error_handler.go:30.31,32.5 1 0
github.com/mautops/approval-gin/internal/api/error_handler.go:32.10,34.5 1 0
github.com/mautops/approval-gin/internal/api/error_handler.go:40.63,46.2 1 0
github.com/mautops/approval-gin/internal/api/health_controller.go:20.88,25.2 1 0
github.com/mautops/approval-gin/internal/api/health_controller.go:28.52,33.17 3 0
github.com/mautops/approval-gin/internal/api/health_controller.go:33.17,34.64 1 0
github.com/mautops/approval-gin/internal/api/health_controller.go:34.64,37.4 2 0
github.com/mautops/approval-gin/internal/api/health_controller.go:37.9,39.4 1 0
github.com/mautops/approval-gin/internal/api/health_controller.go:40.8,42.3 1 0
github.com/mautops/approval-gin/internal/api/health_controller.go:45.2,45.24 1 0
github.com/mautops/approval-gin/internal/api/health_controller.go:45.24,46.63 1 0
github.com/mautops/approval-gin/internal/api/health_controller.go:46.63,49.4 2 0
github.com/mautops/approval-gin/internal/api/health_controller.go:49.9,51.4 1 0
github.com/mautops/approval-gin/internal/api/health_controller.go:52.8,54.3 1 0
github.com/mautops/approval-gin/internal/api/health_controller.go:56.2,57.27 2 0
github.com/mautops/approval-gin/internal/api/health_controller.go:57.27,59.3 1 0
github.com/mautops/approval-gin/internal/api/health_controller.go:61.2,65.4 1 0
github.com/mautops/approval-gin/internal/api/health_controller.go:69.69,71.16 2 0
github.com/mautops/approval-gin/internal/api/health_controller.go:71.16,73.3 1 0
github.com/mautops/approval-gin/internal/api/health_controller.go:75.2,78.31 3 0
github.com/mautops/approval-gin/internal/api/health_controller.go:82.68,88.16 2 0
github.com/mautops/approval-gin/internal/api/health_controller.go:88.16,91.68 1 0
github.com/mautops/approval-gin/internal/api/health_controller.go:91.68,93.4 1 0
github.com/mautops/approval-gin/internal/api/health_controller.go:95.3,95.13 1 0
github.com/mautops/approval-gin/internal/api/health_controller.go:97.2,97.12 1 0
github.com/mautops/approval-gin/internal/api/https_redirect.go:11.48,12.30 1 0
github.com/mautops/approval-gin/internal/api/https_redirect.go:12.30,14.17 1 0
github.com/mautops/approval-gin/internal/api/https_redirect.go:14.17,17.4 2 0
github.com/mautops/approval-gin/internal/api/https_redirect.go:20.3,24.17 3 0
github.com/mautops/approval-gin/internal/api/https_redirect.go:24.17,26.4 1 0
github.com/mautops/approval-gin/internal/api/https_redirect.go:29.3,33.12 3 0
github.com/mautops/approval-gin/internal/api/https_redirect.go:38.70,39.14 1 0
github.com/mautops/approval-gin/internal/api/https_redirect.go:39.14,41.31 1 0
github.com/mautops/approval-gin/internal/api/https_redirect.go:41.31,43.4 1 0
github.com/mautops/approval-gin/internal/api/https_redirect.go:46.2,46.34 1 0
github.com/mautops/approval-gin/internal/api/https_redirect.go:50.35,53.22 2 0
github.com/mautops/approval-gin/internal/api/https_redirect.go:53.22,55.3 1 0
github.com/mautops/approval-gin/internal/api/https_redirect.go:58.2,58.44 1 0
github.com/mautops/approval-gin/internal/api/https_redirect.go:58.44,60.3 1 0
github.com/mautops/approval-gin/internal/api/https_redirect.go:63.2,63.37 1 0
github.com/mautops/approval-gin/internal/api/https_redirect.go:63.37,65.3 1 0
github.com/mautops/approval-gin/internal/api/https_redirect.go:68.2,68.26 1 0
github.com/mautops/approval-gin/internal/api/https_redirect.go:68.26,70.3 1 0
github.com/mautops/approval-gin/internal/api/https_redirect.go:72.2,72.14 1 0
github.com/mautops/approval-gin/internal/api/i18n.go:16.13,42.2 3 0
github.com/mautops/approval-gin/internal/api/i18n.go:45.36,49.2 1 0
github.com/mautops/approval-gin/internal/api/i18n.go:52.77,54.2 1 0
github.com/mautops/approval-gin/internal/api/i18n.go:57.58,58.42 1 0
github.com/mautops/approval-gin/internal/api/i18n.go:58.42,59.39 1 0
github.com/mautops/approval-gin/internal/api/i18n.go:59.39,61.4 1 0
github.com/mautops/approval-gin/internal/api/i18n.go:64.2,64.18 1 0
github.com/mautops/approval-gin/internal/api/i18n.go:64.18,65.43 1 0
github.com/mautops/approval-gin/internal/api/i18n.go:65.43,66.40 1 0
github.com/mautops/approval-gin/internal/api/i18n.go:66.40,68.5 1 0
github.com/mautops/approval-gin/internal/api/i18n.go:72.2,72.12 1 0
github.com/mautops/approval-gin/internal/api/i18n.go:76.39,77.30 1 0
github.com/mautops/approval-gin/internal/api/i18n.go:77.30,81.52 2 0
github.com/mautops/approval-gin/internal/api/i18n.go:81.52,83.4 1 0
github.com/mautops/approval-gin/internal/api/i18n.go:83.9,83.76 1 0
github.com/mautops/approval-gin/internal/api/i18n.go:83.76,86.4 1 0
github.com/mautops/approval-gin/internal/api/i18n.go:89.3,91.11 2 0
github.com/mautops/approval-gin/internal/api/i18n.go:96.41,97.47 1 0
github.com/mautops/approval-gin/internal/api/i18n.go:97.47,98.33 1 0
github.com/mautops/approval-gin/internal/api/i18n.go:98.33,100.4 1 0
github.com/mautops/approval-gin/internal/api/i18n.go:102.2,102.13 1 0
github.com/mautops/approval-gin/internal/api/i18n.go:106.43,109.2 2 0
github.com/mautops/approval-gin/internal/api/i18n.go:112.44,122.41 3 0
github.com/mautops/approval-gin/internal/api/i18n.go:122.41,124.3 1 0
github.com/mautops/approval-gin/internal/api/i18n.go:126.2,126.35 1 0
github.com/mautops/approval-gin/internal/api/i18n.go:126.35,128.3 1 0
github.com/mautops/approval-gin/internal/api/i18n.go:130.2,130.35 1 0
github.com/mautops/approval-gin/internal/api/i18n.go:130.35,132.3 1 0
github.com/mautops/approval-gin/internal/api/i18n.go:133.2,133.13 1 0
github.com/mautops/approval-gin/internal/api/i18n.go:137.48,140.20 2 0
github.com/mautops/approval-gin/internal/api/i18n.go:140.20,144.49 2 0
github.com/mautops/approval-gin/internal/api/i18n.go:144.49,146.4 1 0
github.com/mautops/approval-gin/internal/api/i18n.go:147.3,147.33 1 0
github.com/mautops/approval-gin/internal/api/i18n.go:149.2,149.13 1 0
github.com/mautops/approval-gin/internal/api/logger.go:18.33,31.2 5 0
github.com/mautops/approval-gin/internal/api/logger.go:34.73,38.26 2 0
github.com/mautops/approval-gin/internal/api/logger.go:38.26,47.3 1 0
github.com/mautops/approval-gin/internal/api/logger.go:47.8,52.3 1 0
github.com/mautops/approval-gin/internal/api/logger.go:55.2,56.16 2 0
github.com/mautops/approval-gin/internal/api/logger.go:56.16,58.3 1 0
github.com/mautops/approval-gin/internal/api/logger.go:59.2,63.52 3 0
github.com/mautops/approval-gin/internal/api/logger.go:63.52,65.3 1 0
github.com/mautops/approval-gin/internal/api/logger.go:66.2,66.50 1 0
github.com/mautops/approval-gin/internal/api/logger.go:66.50,69.51 2 0
github.com/mautops/approval-gin/internal/api/logger.go:69.51,71.4 1 0
github.com/mautops/approval-gin/internal/api/logger.go:74.3,76.17 3 0
github.com/mautops/approval-gin/internal/api/logger.go:76.17,78.4 1 0
github.com/mautops/approval-gin/internal/api/logger.go:79.3,79.34 1 0
github.com/mautops/approval-gin/internal/api/logger.go:82.2,82.23 1 0
github.com/mautops/approval-gin/internal/api/logger.go:82.23,84.3 1 0
github.com/mautops/approval-gin/internal/api/logger.go:86.2,95.20 3 0
github.com/mautops/approval-gin/internal/api/logger.go:103.53,105.2 1 0
github.com/mautops/approval-gin/internal/api/logger.go:107.61,108.29 1 0
github.com/mautops/approval-gin/internal/api/logger.go:108.29,110.3 1 0
github.com/mautops/approval-gin/internal/api/logger.go:111.2,111.12 1 0
github.com/mautops/approval-gin/internal/api/logger.go:115.33,116.26 1 0
github.com/mautops/approval-gin/internal/api/logger.go:116.26,118.3 1 0
github.com/mautops/approval-gin/internal/api/logger.go:119.2,119.22 1 0
github.com/mautops/approval-gin/internal/api/logger.go:123.35,126.2 2 0
github.com/mautops/approval-gin/internal/api/logger.go:129.41,132.2 2 0
github.com/mautops/approval-gin/internal/api/metrics.go:9.37,11.2 1 0
github.com/mautops/approval-gin/internal/api/query_controller.go:18.77,22.2 1 0
github.com/mautops/approval-gin/internal/api/query_controller.go:45.55,47.53 2 0
github.com/mautops/approval-gin/internal/api/query_controller.go:47.53,50.3 2 0
github.com/mautops/approval-gin/internal/api/query_controller.go:53.2,53.52 1 0
github.com/mautops/approval-gin/internal/api/query_controller.go:53.52,56.3 2 0
github.com/mautops/approval-gin/internal/api/query_controller.go:59.2,59.62 1 0
github.com/mautops/approval-gin/internal/api/query_controller.go:59.62,61.85 2 0
github.com/mautops/approval-gin/internal/api/query_controller.go:61.85,63.4 1 0
github.com/mautops/approval-gin/internal/api/query_controller.go:67.2,67.49 1 0
github.com/mautops/approval-gin/internal/api/query_controller.go:67.49,69.73 2 0
github.com/mautops/approval-gin/internal/api/query_controller.go:69.73,71.4 1 0
github.com/mautops/approval-gin/internal/api/query_controller.go:75.2,75.22 1 0
github.com/mautops/approval-gin/internal/api/query_controller.go:75.22,77.3 1 0
github.com/mautops/approval-gin/internal/api/query_controller.go:78.2,78.26 1 0
github.com/mautops/approval-gin/internal/api/query_controller.go:78.26,80.3 1 0
github.com/mautops/approval-gin/internal/api/query_controller.go:82.2,83.16 2 0
github.com/mautops/approval-gin/internal/api/query_controller.go:83.16,86.3 2 0
github.com/mautops/approval-gin/internal/api/query_controller.go:89.2,96.4 2 0
github.com/mautops/approval-gin/internal/api/query_controller.go:100.56,104.16 3 0
github.com/mautops/approval-gin/internal/api/query_controller.go:104.16,107.3 2 0
github.com/mautops/approval-gin/internal/api/query_controller.go:109.2,109.23 1 0
github.com/mautops/approval-gin/internal/api/query_controller.go:113.56,117.16 3 0
github.com/mautops/approval-gin/internal/api/query_controller.go:117.16,120.3 2 0
github.com/mautops/approval-gin/internal/api/query_controller.go:122.2,122.23 1 0
github.com/mautops/approval-gin/internal/api/rate_limit.go:11.66,14.30 2 0
github.com/mautops/approval-gin/internal/api/rate_limit.go:14.30,15.23 1 0
github.com/mautops/approval-gin/internal/api/rate_limit.go:15.23,22.4 3 0
github.com/mautops/approval-gin/internal/api/rate_limit.go:23.3,23.11 1 0
github.com/mautops/approval-gin/internal/api/request_id.go:9.44,10.30 1 0
github.com/mautops/approval-gin/internal/api/request_id.go:10.30,12.22 2 0
github.com/mautops/approval-gin/internal/api/request_id.go:12.22,14.4 1 0
github.com/mautops/approval-gin/internal/api/request_id.go:16.3,18.11 3 0
github.com/mautops/approval-gin/internal/api/request_log.go:12.45,15.30 2 0
github.com/mautops/approval-gin/internal/api/request_log.go:15.30,40.20 10 0
github.com/mautops/approval-gin/internal/api/request_log.go:40.20,42.4 1 0
github.com/mautops/approval-gin/internal/api/request_log.go:42.9,42.27 1 0
github.com/mautops/approval-gin/internal/api/request_log.go:42.27,44.4 1 0
github.com/mautops/approval-gin/internal/api/request_log.go:44.9,46.4 1 0
github.com/mautops/approval-gin/internal/api/response.go:44.48,50.2 1 0
github.com/mautops/approval-gin/internal/api/response.go:53.69,55.31 2 0
github.com/mautops/approval-gin/internal/api/response.go:55.31,57.3 1 0
github.com/mautops/approval-gin/internal/api/response.go:59.2,63.4 1 0
github.com/mautops/approval-gin/internal/api/response.go:67.77,74.2 1 0
github.com/mautops/approval-gin/internal/api/routes.go:14.134,29.36 7 0
github.com/mautops/approval-gin/internal/api/routes.go:29.36,31.3 1 0
github.com/mautops/approval-gin/internal/api/routes.go:34.2,34.22 1 0
github.com/mautops/approval-gin/internal/api/routes.go:34.22,36.3 1 0
github.com/mautops/approval-gin/internal/api/routes.go:39.2,45.2 3 0
github.com/mautops/approval-gin/internal/api/routes.go:45.2,48.3 2 0
github.com/mautops/approval-gin/internal/api/routes.go:48.3,55.4 6 0
github.com/mautops/approval-gin/internal/api/routes.go:58.3,59.3 2 0
github.com/mautops/approval-gin/internal/api/routes.go:59.3,70.4 10 0
github.com/mautops/approval-gin/internal/api/routes.go:73.2,73.15 1 0
github.com/mautops/approval-gin/internal/api/security_headers.go:8.50,9.30 1 0
github.com/mautops/approval-gin/internal/api/security_headers.go:9.30,29.3 6 0
github.com/mautops/approval-gin/internal/api/sla.go:20.36,27.2 1 0
github.com/mautops/approval-gin/internal/api/sla.go:30.42,35.49 3 0
github.com/mautops/approval-gin/internal/api/sla.go:35.49,37.3 1 0
github.com/mautops/approval-gin/internal/api/sla.go:38.2,38.48 1 0
github.com/mautops/approval-gin/internal/api/sla.go:38.48,40.3 1 0
github.com/mautops/approval-gin/internal/api/sla.go:41.2,41.77 1 0
github.com/mautops/approval-gin/internal/api/sla.go:41.77,43.3 1 0
github.com/mautops/approval-gin/internal/api/sla.go:44.2,44.61 1 0
github.com/mautops/approval-gin/internal/api/sla.go:44.61,46.3 1 0
github.com/mautops/approval-gin/internal/api/sla.go:48.2,48.18 1 0
github.com/mautops/approval-gin/internal/api/sla.go:52.81,53.19 1 0
github.com/mautops/approval-gin/internal/api/sla.go:54.23,55.48 1 0
github.com/mautops/approval-gin/internal/api/sla.go:56.23,57.48 1 0
github.com/mautops/approval-gin/internal/api/sla.go:58.24,59.49 1 0
github.com/mautops/approval-gin/internal/api/sla.go:60.20,61.45 1 0
github.com/mautops/approval-gin/internal/api/sla.go:62.10,63.14 1 0
github.com/mautops/approval-gin/internal/api/sla.go:68.62,69.19 1 0
github.com/mautops/approval-gin/internal/api/sla.go:69.19,71.3 1 0
github.com/mautops/approval-gin/internal/api/sla.go:73.2,73.30 1 0
github.com/mautops/approval-gin/internal/api/sla.go:73.30,80.45 5 0
github.com/mautops/approval-gin/internal/api/sla.go:80.45,86.4 4 0
github.com/mautops/approval-gin/internal/api/sla.go:91.77,92.19 1 0
github.com/mautops/approval-gin/internal/api/sla.go:93.23,94.36 1 0
github.com/mautops/approval-gin/internal/api/sla.go:95.23,96.36 1 0
github.com/mautops/approval-gin/internal/api/sla.go:97.24,98.37 1 0
github.com/mautops/approval-gin/internal/api/sla.go:99.20,100.33 1 0
github.com/mautops/approval-gin/internal/api/sla.go:101.10,102.11 1 0
github.com/mautops/approval-gin/internal/api/sla.go:125.44,131.2 1 0
github.com/mautops/approval-gin/internal/api/sla.go:134.85,142.64 5 0
github.com/mautops/approval-gin/internal/api/sla.go:142.64,145.3 1 0
github.com/mautops/approval-gin/internal/api/sla.go:149.78,153.2 3 0
github.com/mautops/approval-gin/internal/api/sla.go:156.74,160.2 3 0
github.com/mautops/approval-gin/internal/api/sla.go:163.74,167.2 3 0
github.com/mautops/approval-gin/internal/api/sla.go:170.58,172.44 2 0
github.com/mautops/approval-gin/internal/api/sla.go:172.44,174.3 1 0
github.com/mautops/approval-gin/internal/api/sla.go:178.102,179.19 1 0
github.com/mautops/approval-gin/internal/api/sla.go:179.19,181.3 1 0
github.com/mautops/approval-gin/internal/api/sla.go:183.2,183.30 1 0
github.com/mautops/approval-gin/internal/api/sla.go:183.30,190.45 5 0
github.com/mautops/approval-gin/internal/api/sla.go:190.45,201.27 2 0
github.com/mautops/approval-gin/internal/api/sla.go:201.27,203.5 1 0
github.com/mautops/approval-gin/internal/api/sla.go:206.4,209.59 4 0
github.com/mautops/approval-gin/internal/api/sse.go:16.73,17.30 1 0
github.com/mautops/approval-gin/internal/api/sse.go:17.30,20.18 2 0
github.com/mautops/approval-gin/internal/api/sse.go:20.18,24.4 3 0
github.com/mautops/approval-gin/internal/api/sse.go:27.3,28.17 2 0
github.com/mautops/approval-gin/internal/api/sse.go:28.17,32.4 3 0
github.com/mautops/approval-gin/internal/api/sse.go:35.3,36.19 2 0
github.com/mautops/approval-gin/internal/api/sse.go:36.19,40.4 3 0
github.com/mautops/approval-gin/internal/api/sse.go:43.3,50.10 6 0
github.com/mautops/approval-gin/internal/api/sse.go:50.10,54.4 3 0
github.com/mautops/approval-gin/internal/api/sse.go:57.3,61.13 3 0
github.com/mautops/approval-gin/internal/api/sse.go:61.13,65.8 3 0
github.com/mautops/approval-gin/internal/api/sse.go:65.8,66.12 1 0
github.com/mautops/approval-gin/internal/api/sse.go:67.39,68.12 1 0
github.com/mautops/approval-gin/internal/api/sse.go:69.21,77.13 3 0
github.com/mautops/approval-gin/internal/api/sse.go:78.31,78.31 0 0
github.com/mautops/approval-gin/internal/api/sse.go:79.14,80.13 1 0
github.com/mautops/approval-gin/internal/api/sse.go:87.3,94.63 3 0
github.com/mautops/approval-gin/internal/api/sse.go:94.63,96.4 1 0
github.com/mautops/approval-gin/internal/api/sse.go:97.3,100.7 2 0
github.com/mautops/approval-gin/internal/api/sse.go:100.7,101.11 1 0
github.com/mautops/approval-gin/internal/api/sse.go:102.38,103.11 1 0
github.com/mautops/approval-gin/internal/api/sse.go:104.38,105.12 1 0
github.com/mautops/approval-gin/internal/api/sse.go:105.12,107.6 1 0
github.com/mautops/approval-gin/internal/api/sse.go:108.5,108.61 1 0
github.com/mautops/approval-gin/internal/api/sse.go:108.61,110.6 1 0
github.com/mautops/approval-gin/internal/api/sse.go:111.5,111.20 1 0
github.com/mautops/approval-gin/internal/api/sse.go:118.53,122.2 2 0
github.com/mautops/approval-gin/internal/api/task_controller.go:17.73,21.2 1 0
github.com/mautops/approval-gin/internal/api/task_controller.go:24.75,25.49 1 0
github.com/mautops/approval-gin/internal/api/task_controller.go:25.49,28.3 2 0
github.com/mautops/approval-gin/internal/api/task_controller.go:29.2,29.13 1 0
github.com/mautops/approval-gin/internal/api/task_controller.go:33.97,34.16 1 0
github.com/mautops/approval-gin/internal/api/task_controller.go:34.16,37.3 2 0
github.com/mautops/approval-gin/internal/api/task_controller.go:38.2,38.13 1 0
github.com/mautops/approval-gin/internal/api/task_controller.go:54.51,56.49 2 0
github.com/mautops/approval-gin/internal/api/task_controller.go:56.49,59.3 2 0
github.com/mautops/approval-gin/internal/api/task_controller.go:61.2,62.16 2 0
github.com/mautops/approval-gin/internal/api/task_controller.go:62.16,65.3 2 0
github.com/mautops/approval-gin/internal/api/task_controller.go:67.2,67.20 1 0
github.com/mautops/approval-gin/internal/api/task_controller.go:82.48,84.32 2 0
github.com/mautops/approval-gin/internal/api/task_controller.go:84.32,86.3 1 0
github.com/mautops/approval-gin/internal/api/task_controller.go:88.2,89.16 2 0
github.com/mautops/approval-gin/internal/api/task_controller.go:89.16,92.3 2 0
github.com/mautops/approval-gin/internal/api/task_controller.go:94.2,94.20 1 0
github.com/mautops/approval-gin/internal/api/task_controller.go:110.51,112.32 2 0
github.com/mautops/approval-gin/internal/api/task_controller.go:112.32,114.3 1 0
github.com/mautops/approval-gin/internal/api/task_controller.go:116.2,116.96 1 0
github.com/mautops/approval-gin/internal/api/task_controller.go:116.96,118.3 1 0
github.com/mautops/approval-gin/internal/api/task_controller.go:120.2,120.19 1 0
github.com/mautops/approval-gin/internal/api/task_controller.go:138.52,140.32 2 0
github.com/mautops/approval-gin/internal/api/task_controller.go:140.32,142.3 1 0
github.com/mautops/approval-gin/internal/api/task_controller.go:144.2,145.49 2 0
github.com/mautops/approval-gin/internal/api/task_controller.go:145.49,148.3 2 0
github.com/mautops/approval-gin/internal/api/task_controller.go:150.2,150.104 1 0
github.com/mautops/approval-gin/internal/api/task_controller.go:150.104,152.3 1 0
github.com/mautops/approval-gin/internal/api/task_controller.go:154.2,154.19 1 0
github.com/mautops/approval-gin/internal/api/task_controller.go:158.51,160.32 2 0
github.com/mautops/approval-gin/internal/api/task_controller.go:160.32,162.3 1 0
github.com/mautops/approval-gin/internal/api/task_controller.go:164.2,165.49 2 0
github.com/mautops/approval-gin/internal/api/task_controller.go:165.49,168.3 2 0
github.com/mautops/approval-gin/internal/api/task_controller.go:170.2,170.102 1 0
github.com/mautops/approval-gin/internal/api/task_controller.go:170.102,172.3 1 0
github.com/mautops/approval-gin/internal/api/task_controller.go:174.2,174.19 1 0
github.com/mautops/approval-gin/internal/api/task_controller.go:178.51,180.32 2 0
github.com/mautops/approval-gin/internal/api/task_controller.go:180.32,182.3 1 0
github.com/mautops/approval-gin/internal/api/task_controller.go:184.2,187.49 2 0
github.com/mautops/approval-gin/internal/api/task_controller.go:187.49,190.3 2 0
github.com/mautops/approval-gin/internal/api/task_controller.go:192.2,192.108 1 0
github.com/mautops/approval-gin/internal/api/task_controller.go:192.108,194.3 1 0
github.com/mautops/approval-gin/internal/api/task_controller.go:196.2,196.19 1 0
github.com/mautops/approval-gin/internal/api/task_controller.go:200.53,202.32 2 0
github.com/mautops/approval-gin/internal/api/task_controller.go:202.32,204.3 1 0
github.com/mautops/approval-gin/internal/api/task_controller.go:206.2,209.49 2 0
github.com/mautops/approval-gin/internal/api/task_controller.go:209.49,212.3 2 0
github.com/mautops/approval-gin/internal/api/task_controller.go:214.2,214.112 1 0
github.com/mautops/approval-gin/internal/api/task_controller.go:214.112,216.3 1 0
github.com/mautops/approval-gin/internal/api/task_controller.go:218.2,218.19 1 0
github.com/mautops/approval-gin/internal/api/task_controller.go:235.53,237.32 2 0
github.com/mautops/approval-gin/internal/api/task_controller.go:237.32,239.3 1 0
github.com/mautops/approval-gin/internal/api/task_controller.go:241.2,242.49 2 0
github.com/mautops/approval-gin/internal/api/task_controller.go:242.49,245.3 2 0
github.com/mautops/approval-gin/internal/api/task_controller.go:247.2,247.106 1 0
github.com/mautops/approval-gin/internal/api/task_controller.go:247.106,249.3 1 0
github.com/mautops/approval-gin/internal/api/task_controller.go:251.2,251.19 1 0
github.com/mautops/approval-gin/internal/api/task_controller.go:268.56,270.32 2 0
github.com/mautops/approval-gin/internal/api/task_controller.go:270.32,272.3 1 0
github.com/mautops/approval-gin/internal/api/task_controller.go:274.2,275.49 2 0
github.com/mautops/approval-gin/internal/api/task_controller.go:275.49,278.3 2 0
github.com/mautops/approval-gin/internal/api/task_controller.go:280.2,280.108 1 0
github.com/mautops/approval-gin/internal/api/task_controller.go:280.108,282.3 1 0
github.com/mautops/approval-gin/internal/api/task_controller.go:284.2,284.19 1 0
github.com/mautops/approval-gin/internal/api/task_controller.go:301.59,303.32 2 0
github.com/mautops/approval-gin/internal/api/task_controller.go:303.32,305.3 1 0
github.com/mautops/approval-gin/internal/api/task_controller.go:307.2,308.49 2 0
github.com/mautops/approval-gin/internal/api/task_controller.go:308.49,311.3 2 0
github.com/mautops/approval-gin/internal/api/task_controller.go:313.2,313.114 1 0
github.com/mautops/approval-gin/internal/api/task_controller.go:313.114,315.3 1 0
github.com/mautops/approval-gin/internal/api/task_controller.go:317.2,317.19 1 0
github.com/mautops/approval-gin/internal/api/task_controller.go:334.50,336.32 2 0
github.com/mautops/approval-gin/internal/api/task_controller.go:336.32,338.3 1 0
github.com/mautops/approval-gin/internal/api/task_controller.go:340.2,343.49 2 0
github.com/mautops/approval-gin/internal/api/task_controller.go:343.49,346.3 2 0
github.com/mautops/approval-gin/internal/api/task_controller.go:348.2,348.106 1 0
github.com/mautops/approval-gin/internal/api/task_controller.go:348.106,350.3 1 0
github.com/mautops/approval-gin/internal/api/task_controller.go:352.2,352.19 1 0
github.com/mautops/approval-gin/internal/api/task_controller.go:369.51,371.32 2 0
github.com/mautops/approval-gin/internal/api/task_controller.go:371.32,373.3 1 0
github.com/mautops/approval-gin/internal/api/task_controller.go:375.2,378.49 2 0
github.com/mautops/approval-gin/internal/api/task_controller.go:378.49,381.3 2 0
github.com/mautops/approval-gin/internal/api/task_controller.go:383.2,383.108 1 0
github.com/mautops/approval-gin/internal/api/task_controller.go:383.108,385.3 1 0
github.com/mautops/approval-gin/internal/api/task_controller.go:387.2,387.19 1 0
github.com/mautops/approval-gin/internal/api/task_controller.go:404.59,406.32 2 0
github.com/mautops/approval-gin/internal/api/task_controller.go:406.32,408.3 1 0
github.com/mautops/approval-gin/internal/api/task_controller.go:410.2,411.49 2 0
github.com/mautops/approval-gin/internal/api/task_controller.go:411.49,414.3 2 0
github.com/mautops/approval-gin/internal/api/task_controller.go:416.2,416.112 1 0
github.com/mautops/approval-gin/internal/api/task_controller.go:416.112,418.3 1 0
github.com/mautops/approval-gin/internal/api/task_controller.go:420.2,420.19 1 0
github.com/mautops/approval-gin/internal/api/task_controller.go:437.60,439.32 2 0
github.com/mautops/approval-gin/internal/api/task_controller.go:439.32,441.3 1 0
github.com/mautops/approval-gin/internal/api/task_controller.go:443.2,444.49 2 0
github.com/mautops/approval-gin/internal/api/task_controller.go:444.49,447.3 2 0
github.com/mautops/approval-gin/internal/api/task_controller.go:449.2,449.116 1 0
github.com/mautops/approval-gin/internal/api/task_controller.go:449.116,451.3 1 0
github.com/mautops/approval-gin/internal/api/task_controller.go:453.2,453.19 1 0
github.com/mautops/approval-gin/internal/api/task_controller.go:469.57,471.49 2 0
github.com/mautops/approval-gin/internal/api/task_controller.go:471.49,474.3 2 0
github.com/mautops/approval-gin/internal/api/task_controller.go:476.2,477.16 2 0
github.com/mautops/approval-gin/internal/api/task_controller.go:477.16,480.3 2 0
github.com/mautops/approval-gin/internal/api/task_controller.go:482.2,482.23 1 0
github.com/mautops/approval-gin/internal/api/task_controller.go:498.58,500.49 2 0
github.com/mautops/approval-gin/internal/api/task_controller.go:500.49,503.3 2 0
github.com/mautops/approval-gin/internal/api/task_controller.go:505.2,506.16 2 0
github.com/mautops/approval-gin/internal/api/task_controller.go:506.16,509.3 2 0
github.com/mautops/approval-gin/internal/api/task_controller.go:511.2,511.23 1 0
github.com/mautops/approval-gin/internal/api/template_controller.go:19.89,23.2 1 0
github.com/mautops/approval-gin/internal/api/template_controller.go:38.55,40.49 2 0
github.com/mautops/approval-gin/internal/api/template_controller.go:40.49,43.3 2 0
github.com/mautops/approval-gin/internal/api/template_controller.go:46.2,46.61 1 0
github.com/mautops/approval-gin/internal/api/template_controller.go:46.61,49.3 2 0
github.com/mautops/approval-gin/internal/api/template_controller.go:51.2,52.27 2 0
github.com/mautops/approval-gin/internal/api/template_controller.go:52.27,54.3 1 0
github.com/mautops/approval-gin/internal/api/template_controller.go:56.2,57.16 2 0
github.com/mautops/approval-gin/internal/api/template_controller.go:57.16,60.3 2 0
github.com/mautops/approval-gin/internal/api/template_controller.go:62.2,62.24 1 0
github.com/mautops/approval-gin/internal/api/template_controller.go:78.52,82.53 2 0
github.com/mautops/approval-gin/internal/api/template_controller.go:82.53,85.3 2 0
github.com/mautops/approval-gin/internal/api/template_controller.go:87.2,90.22 3 0
github.com/mautops/approval-gin/internal/api/template_controller.go:90.22,93.17 3 0
github.com/mautops/approval-gin/internal/api/template_controller.go:93.17,96.4 2 0
github.com/mautops/approval-gin/internal/api/template_controller.go:99.2,100.16 2 0
github.com/mautops/approval-gin/internal/api/template_controller.go:100.16,103.3 2 0
github.com/mautops/approval-gin/internal/api/template_controller.go:105.2,105.24 1 0
github.com/mautops/approval-gin/internal/api/template_controller.go:122.55,126.53 2 0
github.com/mautops/approval-gin/internal/api/template_controller.go:126.53,129.3 2 0
github.com/mautops/approval-gin/internal/api/template_controller.go:131.2,132.49 2 0
github.com/mautops/approval-gin/internal/api/template_controller.go:132.49,135.3 2 0
github.com/mautops/approval-gin/internal/api/template_controller.go:138.2,138.61 1 0
github.com/mautops/approval-gin/internal/api/template_controller.go:138.61,141.3 2 0
github.com/mautops/approval-gin/internal/api/template_controller.go:143.2,144.27 2 0
github.com/mautops/approval-gin/internal/api/template_controller.go:144.27,146.3 1 0
github.com/mautops/approval-gin/internal/api/template_controller.go:148.2,149.16 2 0
github.com/mautops/approval-gin/internal/api/template_controller.go:149.16,151.58 1 0
github.com/mautops/approval-gin/internal/api/template_controller.go:151.58,154.4 2 0
github.com/mautops/approval-gin/internal/api/template_controller.go:155.3,156.9 2 0
github.com/mautops/approval-gin/internal/api/template_controller.go:159.2,159.24 1 0
github.com/mautops/approval-gin/internal/api/template_controller.go:174.55,178.53 2 0
github.com/mautops/approval-gin/internal/api/template_controller.go:178.53,181.3 2 0
github.com/mautops/approval-gin/internal/api/template_controller.go:183.2,183.76 1 0
github.com/mautops/approval-gin/internal/api/template_controller.go:183.76,186.3 2 0
github.com/mautops/approval-gin/internal/api/template_controller.go:188.2,188.19 1 0
github.com/mautops/approval-gin/internal/api/template_controller.go:207.53,209.53 2 0
github.com/mautops/approval-gin/internal/api/template_controller.go:209.53,212.3 2 0
github.com/mautops/approval-gin/internal/api/template_controller.go:215.2,215.22 1 0
github.com/mautops/approval-gin/internal/api/template_controller.go:215.22,217.3 1 0
github.com/mautops/approval-gin/internal/api/template_controller.go:218.2,218.26 1 0
github.com/mautops/approval-gin/internal/api/template_controller.go:218.26,220.3 1 0
github.com/mautops/approval-gin/internal/api/template_controller.go:222.2,223.16 2 0
github.com/mautops/approval-gin/internal/api/template_controller.go:223.16,226.3 2 0
github.com/mautops/approval-gin/internal/api/template_controller.go:228.2,233.4 1 0
github.com/mautops/approval-gin/internal/api/template_controller.go:248.61,252.16 3 0
github.com/mautops/approval-gin/internal/api/template_controller.go:252.16,255.3 2 0
github.com/mautops/approval-gin/internal/api/template_controller.go:257.2,257.24 1 0
github.com/mautops/approval-gin/internal/api/tracing.go:19.67,22.16 2 0
github.com/mautops/approval-gin/internal/api/tracing.go:22.16,24.3 1 0
github.com/mautops/approval-gin/internal/api/tracing.go:27.2,33.16 2 0
github.com/mautops/approval-gin/internal/api/tracing.go:33.16,35.3 1 0
github.com/mautops/approval-gin/internal/api/tracing.go:38.2,50.12 4 0
github.com/mautops/approval-gin/internal/api/tracing.go:54.42,56.2 1 0
github.com/mautops/approval-gin/internal/api/tracing.go:59.49,60.27 1 0
github.com/mautops/approval-gin/internal/api/tracing.go:60.27,62.3 1 0
github.com/mautops/approval-gin/internal/api/tracing.go:63.2,63.12 1 0
github.com/mautops/approval-gin/internal/api/version.go:29.42,30.30 1 0
github.com/mautops/approval-gin/internal/api/version.go:30.30,35.40 3 0
github.com/mautops/approval-gin/internal/api/version.go:35.40,37.31 2 0
github.com/mautops/approval-gin/internal/api/version.go:37.31,38.42 1 0
github.com/mautops/approval-gin/internal/api/version.go:38.42,40.63 2 0
github.com/mautops/approval-gin/internal/api/version.go:40.63,42.12 2 0
github.com/mautops/approval-gin/internal/api/version.go:49.3,49.71 1 0
github.com/mautops/approval-gin/internal/api/version.go:49.71,51.4 1 0
github.com/mautops/approval-gin/internal/api/version.go:54.3,58.19 4 0
github.com/mautops/approval-gin/internal/api/version.go:58.19,62.43 4 0
github.com/mautops/approval-gin/internal/api/version.go:62.43,64.5 1 0
github.com/mautops/approval-gin/internal/api/version.go:68.3,70.11 2 0
github.com/mautops/approval-gin/internal/api/version.go:75.43,76.53 1 0
github.com/mautops/approval-gin/internal/api/version.go:76.53,77.36 1 0
github.com/mautops/approval-gin/internal/api/version.go:77.36,79.4 1 0
github.com/mautops/approval-gin/internal/api/version.go:81.2,81.13 1 0
github.com/mautops/approval-gin/internal/api/version.go:85.60,89.2 3 0
github.com/mautops/approval-gin/internal/repository/approval_record_repository.go:21.72,23.2 1 0
github.com/mautops/approval-gin/internal/repository/approval_record_repository.go:26.82,28.2 1 0
github.com/mautops/approval-gin/internal/repository/approval_record_repository.go:31.102,35.2 3 0
github.com/mautops/approval-gin/internal/repository/approval_record_repository.go:38.106,42.2 3 0
github.com/mautops/approval-gin/internal/repository/audit_log_repository.go:21.60,23.2 1 0
github.com/mautops/approval-gin/internal/repository/audit_log_repository.go:26.67,28.2 1 0
github.com/mautops/approval-gin/internal/repository/audit_log_repository.go:31.90,35.2 3 0
github.com/mautops/approval-gin/internal/repository/audit_log_repository.go:38.117,44.2 3 0
github.com/mautops/approval-gin/internal/repository/event_repository.go:21.54,23.2 1 0
github.com/mautops/approval-gin/internal/repository/event_repository.go:26.63,28.2 1 0
github.com/mautops/approval-gin/internal/repository/event_repository.go:31.84,35.2 3 0
github.com/mautops/approval-gin/internal/repository/event_repository.go:38.70,42.2 3 0
github.com/mautops/approval-gin/internal/repository/state_history_repository.go:20.68,22.2 1 0
github.com/mautops/approval-gin/internal/repository/state_history_repository.go:25.79,27.2 1 0
github.com/mautops/approval-gin/internal/repository/state_history_repository.go:30.98,34.2 3 0
github.com/mautops/approval-gin/internal/repository/task_repository.go:32.52,34.2 1 0
github.com/mautops/approval-gin/internal/repository/task_repository.go:37.60,39.2 1 0
github.com/mautops/approval-gin/internal/repository/task_repository.go:42.72,44.68 2 0
github.com/mautops/approval-gin/internal/repository/task_repository.go:44.68,46.3 1 0
github.com/mautops/approval-gin/internal/repository/task_repository.go:47.2,47.19 1 0
github.com/mautops/approval-gin/internal/repository/task_repository.go:51.64,55.2 3 0
github.com/mautops/approval-gin/internal/repository/task_repository.go:58.87,62.19 3 0
github.com/mautops/approval-gin/internal/repository/task_repository.go:62.19,63.26 1 0
github.com/mautops/approval-gin/internal/repository/task_repository.go:63.26,65.4 1 0
github.com/mautops/approval-gin/internal/repository/task_repository.go:66.3,66.31 1 0
github.com/mautops/approval-gin/internal/repository/task_repository.go:66.31,68.4 1 0
github.com/mautops/approval-gin/internal/repository/task_repository.go:69.3,69.31 1 0
github.com/mautops/approval-gin/internal/repository/task_repository.go:69.31,71.4 1 0
github.com/mautops/approval-gin/internal/repository/task_repository.go:72.3,72.30 1 0
github.com/mautops/approval-gin/internal/repository/task_repository.go:72.30,74.4 1 0
github.com/mautops/approval-gin/internal/repository/task_repository.go:75.3,75.28 1 0
github.com/mautops/approval-gin/internal/repository/task_repository.go:75.28,77.4 1 0
github.com/mautops/approval-gin/internal/repository/task_repository.go:80.2,81.19 2 0
github.com/mautops/approval-gin/internal/repository/template_repository.go:22.60,24.2 1 0
github.com/mautops/approval-gin/internal/repository/template_repository.go:27.72,29.2 1 0
github.com/mautops/approval-gin/internal/repository/template_repository.go:32.93,36.17 3 0
github.com/mautops/approval-gin/internal/repository/template_repository.go:36.17,38.3 1 0
github.com/mautops/approval-gin/internal/repository/template_repository.go:38.8,41.3 1 0
github.com/mautops/approval-gin/internal/repository/template_repository.go:43.2,43.53 1 0
github.com/mautops/approval-gin/internal/repository/template_repository.go:43.53,45.3 1 0
github.com/mautops/approval-gin/internal/repository/template_repository.go:47.2,47.23 1 0
github.com/mautops/approval-gin/internal/repository/template_repository.go:51.72,55.2 3 0
github.com/mautops/approval-gin/internal/repository/template_repository.go:58.54,60.2 1 0
github.com/mautops/approval-gin/internal/auth/keycloak.go:39.71,47.2 2 0
github.com/mautops/approval-gin/internal/auth/keycloak.go:50.50,52.2 1 0
github.com/mautops/approval-gin/internal/auth/keycloak.go:55.93,57.112 1 0
github.com/mautops/approval-gin/internal/auth/keycloak.go:57.112,59.57 1 0
github.com/mautops/approval-gin/internal/auth/keycloak.go:59.57,61.4 1 0
github.com/mautops/approval-gin/internal/auth/keycloak.go:62.3,62.18 1 0
github.com/mautops/approval-gin/internal/auth/keycloak.go:65.2,65.16 1 0
github.com/mautops/approval-gin/internal/auth/keycloak.go:65.16,67.3 1 0
github.com/mautops/approval-gin/internal/auth/keycloak.go:70.2,71.9 2 0
github.com/mautops/approval-gin/internal/auth/keycloak.go:71.9,73.3 1 0
github.com/mautops/approval-gin/internal/auth/keycloak.go:76.2,77.16 2 0
github.com/mautops/approval-gin/internal/auth/keycloak.go:77.16,79.3 1 0
github.com/mautops/approval-gin/internal/auth/keycloak.go:82.2,82.111 1 0
github.com/mautops/approval-gin/internal/auth/keycloak.go:82.111,84.3 1 0
github.com/mautops/approval-gin/internal/auth/keycloak.go:86.2,86.16 1 0
github.com/mautops/approval-gin/internal/auth/keycloak.go:86.16,88.3 1 0
github.com/mautops/approval-gin/internal/auth/keycloak.go:91.2,91.69 1 0
github.com/mautops/approval-gin/internal/auth/keycloak.go:91.69,93.32 1 0
github.com/mautops/approval-gin/internal/auth/keycloak.go:93.32,95.4 1 0
github.com/mautops/approval-gin/internal/auth/keycloak.go:98.3,98.74 1 0
github.com/mautops/approval-gin/internal/auth/keycloak.go:98.74,100.4 1 0
github.com/mautops/approval-gin/internal/auth/keycloak.go:102.3,102.21 1 0
github.com/mautops/approval-gin/internal/auth/keycloak.go:105.2,105.41 1 0
github.com/mautops/approval-gin/internal/auth/keycloak.go:109.80,111.45 1 0
github.com/mautops/approval-gin/internal/auth/keycloak.go:111.45,113.3 1 0
github.com/mautops/approval-gin/internal/auth/keycloak.go:116.2,117.16 2 0
github.com/mautops/approval-gin/internal/auth/keycloak.go:117.16,119.3 1 0
github.com/mautops/approval-gin/internal/auth/keycloak.go:120.2,122.38 2 0
github.com/mautops/approval-gin/internal/auth/keycloak.go:122.38,124.3 1 0
github.com/mautops/approval-gin/internal/auth/keycloak.go:126.2,136.65 2 0
github.com/mautops/approval-gin/internal/auth/keycloak.go:136.65,138.3 1 0
github.com/mautops/approval-gin/internal/auth/keycloak.go:141.2,141.32 1 0
github.com/mautops/approval-gin/internal/auth/keycloak.go:141.32,142.21 1 0
github.com/mautops/approval-gin/internal/auth/keycloak.go:142.21,145.18 2 0
github.com/mautops/approval-gin/internal/auth/keycloak.go:145.18,147.5 1 0
github.com/mautops/approval-gin/internal/auth/keycloak.go:150.4,151.25 2 0
github.com/mautops/approval-gin/internal/auth/keycloak.go:155.2,155.58 1 0
github.com/mautops/approval-gin/internal/auth/keycloak.go:159.67,161.16 2 0
github.com/mautops/approval-gin/internal/auth/keycloak.go:161.16,163.3 1 0
github.com/mautops/approval-gin/internal/auth/keycloak.go:165.2,166.16 2 0
github.com/mautops/approval-gin/internal/auth/keycloak.go:166.16,168.3 1 0
github.com/mautops/approval-gin/internal/auth/keycloak.go:170.2,176.8 3 0
github.com/mautops/approval-gin/internal/auth/keycloak.go:180.80,181.30 1 0
github.com/mautops/approval-gin/internal/auth/keycloak.go:181.30,183.18 2 0
github.com/mautops/approval-gin/internal/auth/keycloak.go:183.18,190.4 3 0
github.com/mautops/approval-gin/internal/auth/keycloak.go:193.3,193.47 1 0
github.com/mautops/approval-gin/internal/auth/keycloak.go:193.47,195.4 1 0
github.com/mautops/approval-gin/internal/auth/keycloak.go:197.3,198.17 2 0
github.com/mautops/approval-gin/internal/auth/keycloak.go:198.17,206.4 3 0
github.com/mautops/approval-gin/internal/auth/keycloak.go:209.3,215.11 6 0
github.com/mautops/approval-gin/internal/auth/openfga.go:22.94,32.16 3 0
github.com/mautops/approval-gin/internal/auth/openfga.go:32.16,34.3 1 0
github.com/mautops/approval-gin/internal/auth/openfga.go:36.2,40.8 1 0
github.com/mautops/approval-gin/internal/auth/openfga.go:50.17,58.16 3 0
github.com/mautops/approval-gin/internal/auth/openfga.go:58.16,60.3 1 0
github.com/mautops/approval-gin/internal/auth/openfga.go:62.2,62.35 1 0
github.com/mautops/approval-gin/internal/auth/openfga.go:72.9,84.16 3 0
github.com/mautops/approval-gin/internal/auth/openfga.go:84.16,86.3 1 0
github.com/mautops/approval-gin/internal/auth/openfga.go:88.2,88.12 1 0
github.com/mautops/approval-gin/internal/auth/openfga.go:98.9,110.16 3 0
github.com/mautops/approval-gin/internal/auth/openfga.go:110.16,112.3 1 0
github.com/mautops/approval-gin/internal/auth/openfga.go:114.2,114.12 1 0
github.com/mautops/approval-gin/internal/auth/openfga.go:122.19,123.30 1 0
github.com/mautops/approval-gin/internal/auth/openfga.go:123.30,125.14 2 0
github.com/mautops/approval-gin/internal/auth/openfga.go:125.14,132.4 3 0
github.com/mautops/approval-gin/internal/auth/openfga.go:134.3,135.21 2 0
github.com/mautops/approval-gin/internal/auth/openfga.go:135.21,137.4 1 0
github.com/mautops/approval-gin/internal/auth/openfga.go:139.3,147.17 2 0
github.com/mautops/approval-gin/internal/auth/openfga.go:147.17,155.4 3 0
github.com/mautops/approval-gin/internal/auth/openfga.go:157.3,157.15 1 0
github.com/mautops/approval-gin/internal/auth/openfga.go:157.15,164.4 3 0
github.com/mautops/approval-gin/internal/auth/openfga.go:166.3,166.11 1 0
github.com/mautops/approval-gin/internal/auth/openfga.go:171.148,175.34 3 0
github.com/mautops/approval-gin/internal/auth/openfga.go:175.34,177.17 2 0
github.com/mautops/approval-gin/internal/auth/openfga.go:177.17,182.22 4 0
github.com/mautops/approval-gin/internal/auth/openfga.go:182.22,184.5 1 0
github.com/mautops/approval-gin/internal/auth/openfga.go:188.3,188.23 1 0
github.com/mautops/approval-gin/internal/auth/openfga.go:188.23,191.4 2 0
github.com/mautops/approval-gin/internal/auth/openfga.go:194.2,194.97 1 0
github.com/mautops/approval-gin/internal/auth/openfga.go:198.63,199.33 1 0
github.com/mautops/approval-gin/internal/auth/openfga.go:199.33,201.3 1 0
github.com/mautops/approval-gin/internal/auth/openfga.go:204.2,208.19 4 0
github.com/mautops/approval-gin/internal/auth/openfga.go:212.88,214.16 2 0
github.com/mautops/approval-gin/internal/auth/openfga.go:214.16,216.3 1 0
github.com/mautops/approval-gin/internal/auth/openfga.go:218.2,222.12 4 0
github.com/mautops/approval-gin/internal/auth/permission_cache.go:23.61,28.2 1 0
github.com/mautops/approval-gin/internal/auth/permission_cache.go:31.56,33.12 2 0
github.com/mautops/approval-gin/internal/auth/permission_cache.go:33.12,35.3 1 0
github.com/mautops/approval-gin/internal/auth/permission_cache.go:37.2,38.39 2 0
github.com/mautops/approval-gin/internal/auth/permission_cache.go:38.39,42.3 2 0
github.com/mautops/approval-gin/internal/auth/permission_cache.go:44.2,44.26 1 0
github.com/mautops/approval-gin/internal/auth/permission_cache.go:48.55,54.2 2 0
github.com/mautops/approval-gin/internal/auth/permission_cache.go:57.35,58.50 1 0
github.com/mautops/approval-gin/internal/auth/permission_cache.go:58.50,61.3 2 0
github.com/mautops/approval-gin/internal/auth/permission_cache.go:71.97,76.2 1 0
github.com/mautops/approval-gin/internal/auth/permission_cache.go:85.17,90.50 2 0
github.com/mautops/approval-gin/internal/auth/permission_cache.go:90.50,92.3 1 0
github.com/mautops/approval-gin/internal/auth/permission_cache.go:95.2,96.16 2 0
github.com/mautops/approval-gin/internal/auth/permission_cache.go:96.16,98.3 1 0
github.com/mautops/approval-gin/internal/auth/permission_cache.go:101.2,103.21 2 0
github.com/mautops/approval-gin/internal/auth/permission_cache.go:113.9,115.16 2 0
github.com/mautops/approval-gin/internal/auth/permission_cache.go:115.16,117.3 1 0
github.com/mautops/approval-gin/internal/auth/permission_cache.go:120.2,123.12 3 0
github.com/mautops/approval-gin/internal/auth/permission_cache.go:133.9,135.16 2 0
github.com/mautops/approval-gin/internal/auth/permission_cache.go:135.16,137.3 1 0
github.com/mautops/approval-gin/internal/auth/permission_cache.go:140.2,143.12 3 0
github.com/mautops/approval-gin/internal/auth/permission_model.go:4.34,23.2 1 0
github.com/mautops/approval-gin/internal/metrics/collector.go:20.67,29.2 2 0
github.com/mautops/approval-gin/internal/metrics/collector.go:32.29,34.2 1 0
github.com/mautops/approval-gin/internal/metrics/collector.go:37.28,40.2 2 0
github.com/mautops/approval-gin/internal/metrics/collector.go:43.31,48.6 4 0
github.com/mautops/approval-gin/internal/metrics/collector.go:48.6,49.10 1 0
github.com/mautops/approval-gin/internal/metrics/collector.go:50.23,51.10 1 0
github.com/mautops/approval-gin/internal/metrics/collector.go:52.19,54.39 1 0
github.com/mautops/approval-gin/internal/metrics/metrics.go:86.13,98.17 9 0
github.com/mautops/approval-gin/internal/metrics/metrics.go:98.17,102.3 2 0
github.com/mautops/approval-gin/internal/metrics/metrics.go:106.29,108.2 1 0
github.com/mautops/approval-gin/internal/metrics/metrics.go:111.74,113.22 2 0
github.com/mautops/approval-gin/internal/metrics/metrics.go:113.22,115.3 1 0
github.com/mautops/approval-gin/internal/metrics/metrics.go:116.2,117.68 2 0
github.com/mautops/approval-gin/internal/metrics/metrics.go:121.26,123.2 1 0
github.com/mautops/approval-gin/internal/metrics/metrics.go:126.36,128.2 1 0
github.com/mautops/approval-gin/internal/metrics/metrics.go:131.51,132.15 1 0
github.com/mautops/approval-gin/internal/metrics/metrics.go:132.15,134.3 1 0
github.com/mautops/approval-gin/internal/metrics/metrics.go:136.2,137.16 2 0
github.com/mautops/approval-gin/internal/metrics/metrics.go:137.16,139.3 1 0
github.com/mautops/approval-gin/internal/metrics/metrics.go:141.2,146.12 5 0
github.com/mautops/approval-gin/internal/metrics/metrics.go:150.54,152.2 1 0
github.com/mautops/approval-gin/internal/database/database.go:23.49,26.2 1 0
github.com/mautops/approval-gin/internal/database/database.go:29.34,36.2 1 0
github.com/mautops/approval-gin/internal/database/database.go:39.44,46.2 1 0
github.com/mautops/approval-gin/internal/database/database.go:49.59,53.16 3 0
github.com/mautops/approval-gin/internal/database/database.go:53.16,55.3 1 0
github.com/mautops/approval-gin/internal/database/database.go:58.2,59.16 2 0
github.com/mautops/approval-gin/internal/database/database.go:59.16,61.3 1 0
github.com/mautops/approval-gin/internal/database/database.go:64.2,65.50 2 0
github.com/mautops/approval-gin/internal/database/database.go:65.50,74.35 2 0
github.com/mautops/approval-gin/internal/database/database.go:74.35,76.4 1 0
github.com/mautops/approval-gin/internal/database/database.go:77.3,77.35 1 0
github.com/mautops/approval-gin/internal/database/database.go:77.35,79.4 1 0
github.com/mautops/approval-gin/internal/database/database.go:80.3,80.38 1 0
github.com/mautops/approval-gin/internal/database/database.go:80.38,82.4 1 0
github.com/mautops/approval-gin/internal/database/database.go:83.3,83.38 1 0
github.com/mautops/approval-gin/internal/database/database.go:83.38,85.4 1 0
github.com/mautops/approval-gin/internal/database/database.go:86.8,89.3 1 0
github.com/mautops/approval-gin/internal/database/database.go:91.2,96.16 5 0
github.com/mautops/approval-gin/internal/database/database.go:100.69,104.16 3 0
github.com/mautops/approval-gin/internal/database/database.go:104.16,106.3 1 0
github.com/mautops/approval-gin/internal/database/database.go:109.2,110.16 2 0
github.com/mautops/approval-gin/internal/database/database.go:110.16,112.3 1 0
github.com/mautops/approval-gin/internal/database/database.go:115.2,116.50 2 0
github.com/mautops/approval-gin/internal/database/database.go:116.50,125.35 2 0
github.com/mautops/approval-gin/internal/database/database.go:125.35,127.4 1 0
github.com/mautops/approval-gin/internal/database/database.go:128.3,128.35 1 0
github.com/mautops/approval-gin/internal/database/database.go:128.35,130.4 1 0
github.com/mautops/approval-gin/internal/database/database.go:131.3,131.38 1 0
github.com/mautops/approval-gin/internal/database/database.go:131.38,133.4 1 0
github.com/mautops/approval-gin/internal/database/database.go:134.3,134.38 1 0
github.com/mautops/approval-gin/internal/database/database.go:134.38,136.4 1 0
github.com/mautops/approval-gin/internal/database/database.go:137.8,140.3 1 0
github.com/mautops/approval-gin/internal/database/database.go:142.2,147.16 5 0
github.com/mautops/approval-gin/internal/database/database.go:151.33,157.53 2 0
github.com/mautops/approval-gin/internal/database/database.go:157.53,159.48 1 0
github.com/mautops/approval-gin/internal/database/database.go:159.48,161.4 1 0
github.com/mautops/approval-gin/internal/database/database.go:162.8,171.17 1 0
github.com/mautops/approval-gin/internal/database/database.go:171.17,173.4 1 0
github.com/mautops/approval-gin/internal/database/database.go:177.2,177.42 1 0
github.com/mautops/approval-gin/internal/database/database.go:177.42,179.3 1 0
github.com/mautops/approval-gin/internal/database/database.go:181.2,181.12 1 0
github.com/mautops/approval-gin/internal/database/database.go:185.44,200.23 1 0
github.com/mautops/approval-gin/internal/database/database.go:200.23,202.3 1 0
github.com/mautops/approval-gin/internal/database/database.go:205.2,219.23 1 0
github.com/mautops/approval-gin/internal/database/database.go:219.23,221.3 1 0
github.com/mautops/approval-gin/internal/database/database.go:224.2,235.23 1 0
github.com/mautops/approval-gin/internal/database/database.go:235.23,237.3 1 0
github.com/mautops/approval-gin/internal/database/database.go:240.2,250.23 1 0
github.com/mautops/approval-gin/internal/database/database.go:250.23,252.3 1 0
github.com/mautops/approval-gin/internal/database/database.go:255.2,266.23 1 0
github.com/mautops/approval-gin/internal/database/database.go:266.23,268.3 1 0
github.com/mautops/approval-gin/internal/database/database.go:271.2,284.23 1 0
github.com/mautops/approval-gin/internal/database/database.go:284.23,286.3 1 0
github.com/mautops/approval-gin/internal/database/database.go:288.2,288.12 1 0
github.com/mautops/approval-gin/internal/database/database.go:292.39,297.106 2 0
github.com/mautops/approval-gin/internal/database/database.go:297.106,299.3 1 0
github.com/mautops/approval-gin/internal/database/database.go:300.2,300.118 1 0
github.com/mautops/approval-gin/internal/database/database.go:300.118,302.3 1 0
github.com/mautops/approval-gin/internal/database/database.go:303.2,303.126 1 0
github.com/mautops/approval-gin/internal/database/database.go:303.126,305.3 1 0
github.com/mautops/approval-gin/internal/database/database.go:308.2,308.122 1 0
github.com/mautops/approval-gin/internal/database/database.go:308.122,310.3 1 0
github.com/mautops/approval-gin/internal/database/database.go:311.2,311.112 1 0
github.com/mautops/approval-gin/internal/database/database.go:311.112,313.3 1 0
github.com/mautops/approval-gin/internal/database/database.go:314.2,314.110 1 0
github.com/mautops/approval-gin/internal/database/database.go:314.110,316.3 1 0
github.com/mautops/approval-gin/internal/database/database.go:317.2,317.110 1 0
github.com/mautops/approval-gin/internal/database/database.go:317.110,319.3 1 0
github.com/mautops/approval-gin/internal/database/database.go:322.2,322.117 1 0
github.com/mautops/approval-gin/internal/database/database.go:322.117,324.3 1 0
github.com/mautops/approval-gin/internal/database/database.go:325.2,325.119 1 0
github.com/mautops/approval-gin/internal/database/database.go:325.119,327.3 1 0
github.com/mautops/approval-gin/internal/database/database.go:328.2,328.123 1 0
github.com/mautops/approval-gin/internal/database/database.go:328.123,330.3 1 0
github.com/mautops/approval-gin/internal/database/database.go:333.2,333.114 1 0
github.com/mautops/approval-gin/internal/database/database.go:333.114,335.3 1 0
github.com/mautops/approval-gin/internal/database/database.go:336.2,336.120 1 0
github.com/mautops/approval-gin/internal/database/database.go:336.120,338.3 1 0
github.com/mautops/approval-gin/internal/database/database.go:341.2,341.104 1 0
github.com/mautops/approval-gin/internal/database/database.go:341.104,343.3 1 0
github.com/mautops/approval-gin/internal/database/database.go:344.2,344.106 1 0
github.com/mautops/approval-gin/internal/database/database.go:344.106,346.3 1 0
github.com/mautops/approval-gin/internal/database/database.go:347.2,347.112 1 0
github.com/mautops/approval-gin/internal/database/database.go:347.112,349.3 1 0
github.com/mautops/approval-gin/internal/database/database.go:352.2,352.129 1 0
github.com/mautops/approval-gin/internal/database/database.go:352.129,354.3 1 0
github.com/mautops/approval-gin/internal/database/database.go:355.2,355.109 1 0
github.com/mautops/approval-gin/internal/database/database.go:355.109,357.3 1 0
github.com/mautops/approval-gin/internal/database/database.go:358.2,358.115 1 0
github.com/mautops/approval-gin/internal/database/database.go:358.115,360.3 1 0
github.com/mautops/approval-gin/internal/database/database.go:363.2,363.29 1 0
github.com/mautops/approval-gin/internal/database/database.go:363.29,365.122 1 0
github.com/mautops/approval-gin/internal/database/database.go:365.122,367.4 1 0
github.com/mautops/approval-gin/internal/database/database.go:368.3,368.114 1 0
github.com/mautops/approval-gin/internal/database/database.go:368.114,370.4 1 0
github.com/mautops/approval-gin/internal/database/database.go:373.2,373.12 1 0
github.com/mautops/approval-gin/internal/database/database.go:377.113,381.34 3 0
github.com/mautops/approval-gin/internal/database/database.go:381.34,383.17 2 0
github.com/mautops/approval-gin/internal/database/database.go:383.17,385.4 1 0
github.com/mautops/approval-gin/internal/database/database.go:388.3,388.23 1 0
github.com/mautops/approval-gin/internal/database/database.go:388.23,391.4 2 0
github.com/mautops/approval-gin/internal/database/database.go:394.2,394.92 1 0
github.com/mautops/approval-gin/internal/database/database.go:398.36,399.15 1 0
github.com/mautops/approval-gin/internal/database/database.go:399.15,401.3 1 0
github.com/mautops/approval-gin/internal/database/database.go:403.2,404.16 2 0
github.com/mautops/approval-gin/internal/database/database.go:404.16,406.3 1 0
github.com/mautops/approval-gin/internal/database/database.go:408.2,411.47 3 0
github.com/mautops/approval-gin/internal/database/database.go:411.47,413.3 1 0
github.com/mautops/approval-gin/internal/database/database.go:415.2,415.13 1 0
github.com/mautops/approval-gin/internal/database/database.go:419.77,421.18 1 0
github.com/mautops/approval-gin/internal/database/database.go:421.18,422.43 1 0
github.com/mautops/approval-gin/internal/database/database.go:422.43,424.4 1 0
github.com/mautops/approval-gin/internal/database/database.go:428.2,428.21 1 0
github.com/mautops/approval-gin/internal/model/approval_record.go:21.47,23.2 1 0
github.com/mautops/approval-gin/internal/model/approval_record.go:26.50,27.18 1 0
github.com/mautops/approval-gin/internal/model/approval_record.go:27.18,29.3 1 0
github.com/mautops/approval-gin/internal/model/approval_record.go:30.2,30.22 1 0
github.com/mautops/approval-gin/internal/model/approval_record.go:30.22,32.3 1 0
github.com/mautops/approval-gin/internal/model/approval_record.go:33.2,33.22 1 0
github.com/mautops/approval-gin/internal/model/approval_record.go:33.22,35.3 1 0
github.com/mautops/approval-gin/internal/model/approval_record.go:36.2,36.12 1 0
github.com/mautops/approval-gin/internal/model/audit_log.go:23.41,25.2 1 0
github.com/mautops/approval-gin/internal/model/audit_log.go:28.44,29.18 1 0
github.com/mautops/approval-gin/internal/model/audit_log.go:29.18,31.3 1 0
github.com/mautops/approval-gin/internal/model/audit_log.go:32.2,32.22 1 0
github.com/mautops/approval-gin/internal/model/audit_log.go:32.22,34.3 1 0
github.com/mautops/approval-gin/internal/model/audit_log.go:35.2,35.22 1 0
github.com/mautops/approval-gin/internal/model/audit_log.go:35.22,37.3 1 0
github.com/mautops/approval-gin/internal/model/audit_log.go:38.2,38.28 1 0
github.com/mautops/approval-gin/internal/model/audit_log.go:38.28,40.3 1 0
github.com/mautops/approval-gin/internal/model/audit_log.go:41.2,41.26 1 0
github.com/mautops/approval-gin/internal/model/audit_log.go:41.26,43.3 1 0
github.com/mautops/approval-gin/internal/model/audit_log.go:44.2,44.12 1 0
github.com/mautops/approval-gin/internal/model/event.go:21.38,23.2 1 0
github.com/mautops/approval-gin/internal/model/event.go:26.40,27.17 1 0
github.com/mautops/approval-gin/internal/model/event.go:27.17,29.3 1 0
github.com/mautops/approval-gin/internal/model/event.go:30.2,30.21 1 0
github.com/mautops/approval-gin/internal/model/event.go:30.21,32.3 1 0
github.com/mautops/approval-gin/internal/model/event.go:33.2,33.19 1 0
github.com/mautops/approval-gin/internal/model/event.go:33.19,35.3 1 0
github.com/mautops/approval-gin/internal/model/event.go:36.2,36.23 1 0
github.com/mautops/approval-gin/internal/model/event.go:36.23,38.3 1 0
github.com/mautops/approval-gin/internal/model/event.go:39.2,39.21 1 0
github.com/mautops/approval-gin/internal/model/event.go:39.21,41.3 1 0
github.com/mautops/approval-gin/internal/model/event.go:42.2,42.12 1 0
github.com/mautops/approval-gin/internal/model/state_history.go:20.45,22.2 1 0
github.com/mautops/approval-gin/internal/model/state_history.go:25.48,26.18 1 0
github.com/mautops/approval-gin/internal/model/state_history.go:26.18,28.3 1 0
github.com/mautops/approval-gin/internal/model/state_history.go:29.2,29.22 1 0
github.com/mautops/approval-gin/internal/model/state_history.go:29.22,31.3 1 0
github.com/mautops/approval-gin/internal/model/state_history.go:32.2,32.23 1 0
github.com/mautops/approval-gin/internal/model/state_history.go:32.23,34.3 1 0
github.com/mautops/approval-gin/internal/model/state_history.go:35.2,35.24 1 0
github.com/mautops/approval-gin/internal/model/state_history.go:35.24,37.3 1 0
github.com/mautops/approval-gin/internal/model/state_history.go:38.2,38.12 1 0
github.com/mautops/approval-gin/internal/model/task.go:24.37,26.2 1 0
github.com/mautops/approval-gin/internal/model/task.go:29.39,30.17 1 0
github.com/mautops/approval-gin/internal/model/task.go:30.17,32.3 1 0
github.com/mautops/approval-gin/internal/model/task.go:33.2,33.25 1 0
github.com/mautops/approval-gin/internal/model/task.go:33.25,35.3 1 0
github.com/mautops/approval-gin/internal/model/task.go:36.2,36.20 1 0
github.com/mautops/approval-gin/internal/model/task.go:36.20,38.3 1 0
github.com/mautops/approval-gin/internal/model/task.go:39.2,39.23 1 0
github.com/mautops/approval-gin/internal/model/task.go:39.23,41.3 1 0
github.com/mautops/approval-gin/internal/model/task.go:42.2,42.12 1 0
github.com/mautops/approval-gin/internal/model/template.go:22.41,24.2 1 0
github.com/mautops/approval-gin/internal/model/template.go:27.43,28.17 1 0
github.com/mautops/approval-gin/internal/model/template.go:28.17,30.3 1 0
github.com/mautops/approval-gin/internal/model/template.go:31.2,31.19 1 0
github.com/mautops/approval-gin/internal/model/template.go:31.19,33.3 1 0
github.com/mautops/approval-gin/internal/model/template.go:34.2,34.23 1 0
github.com/mautops/approval-gin/internal/model/template.go:34.23,36.3 1 0
github.com/mautops/approval-gin/internal/model/template.go:37.2,37.12 1 0
github.com/mautops/approval-gin/internal/integration/event_handler.go:31.67,32.18 1 0
github.com/mautops/approval-gin/internal/integration/event_handler.go:32.18,34.3 1 0
github.com/mautops/approval-gin/internal/integration/event_handler.go:36.2,47.31 2 0
github.com/mautops/approval-gin/internal/integration/event_handler.go:47.31,49.3 1 0
github.com/mautops/approval-gin/internal/integration/event_handler.go:51.2,51.16 1 0
github.com/mautops/approval-gin/internal/integration/event_handler.go:55.57,58.16 2 0
github.com/mautops/approval-gin/internal/integration/event_handler.go:58.16,60.3 1 0
github.com/mautops/approval-gin/internal/integration/event_handler.go:62.2,73.53 2 0
github.com/mautops/approval-gin/internal/integration/event_handler.go:73.53,75.3 1 0
github.com/mautops/approval-gin/internal/integration/event_handler.go:78.2,78.9 1 0
github.com/mautops/approval-gin/internal/integration/event_handler.go:79.22,79.22 0 0
github.com/mautops/approval-gin/internal/integration/event_handler.go:81.10,84.92 1 0
github.com/mautops/approval-gin/internal/integration/event_handler.go:87.2,87.12 1 0
github.com/mautops/approval-gin/internal/integration/event_handler.go:91.35,92.6 1 0
github.com/mautops/approval-gin/internal/integration/event_handler.go:92.6,93.10 1 0
github.com/mautops/approval-gin/internal/integration/event_handler.go:94.25,95.24 1 0
github.com/mautops/approval-gin/internal/integration/event_handler.go:96.17,97.10 1 0
github.com/mautops/approval-gin/internal/integration/event_handler.go:103.58,109.16 3 0
github.com/mautops/approval-gin/internal/integration/event_handler.go:109.16,113.3 2 0
github.com/mautops/approval-gin/internal/integration/event_handler.go:117.2,118.22 2 0
github.com/mautops/approval-gin/internal/integration/event_handler.go:118.22,126.3 5 0
github.com/mautops/approval-gin/internal/integration/event_handler.go:128.2,129.16 2 0
github.com/mautops/approval-gin/internal/integration/event_handler.go:129.16,137.3 5 0
github.com/mautops/approval-gin/internal/integration/event_handler.go:140.2,140.66 1 0
github.com/mautops/approval-gin/internal/integration/event_handler.go:140.66,146.3 4 0
github.com/mautops/approval-gin/internal/integration/event_handler.go:149.2,152.34 3 0
github.com/mautops/approval-gin/internal/integration/event_handler.go:152.34,154.52 2 0
github.com/mautops/approval-gin/internal/integration/event_handler.go:154.52,155.61 1 0
github.com/mautops/approval-gin/internal/integration/event_handler.go:155.61,158.5 2 0
github.com/mautops/approval-gin/internal/integration/event_handler.go:161.3,161.14 1 0
github.com/mautops/approval-gin/internal/integration/event_handler.go:161.14,167.4 4 0
github.com/mautops/approval-gin/internal/integration/event_handler.go:170.3,175.23 4 0
github.com/mautops/approval-gin/internal/integration/event_handler.go:175.23,178.4 2 0
github.com/mautops/approval-gin/internal/integration/event_handler.go:182.2,184.31 3 0
github.com/mautops/approval-gin/internal/integration/event_handler.go:188.102,191.16 2 0
github.com/mautops/approval-gin/internal/integration/event_handler.go:191.16,193.3 1 0
github.com/mautops/approval-gin/internal/integration/event_handler.go:196.2,197.18 2 0
github.com/mautops/approval-gin/internal/integration/event_handler.go:197.18,199.3 1 0
github.com/mautops/approval-gin/internal/integration/event_handler.go:201.2,202.16 2 0
github.com/mautops/approval-gin/internal/integration/event_handler.go:202.16,204.3 1 0
github.com/mautops/approval-gin/internal/integration/event_handler.go:207.2,208.42 2 0
github.com/mautops/approval-gin/internal/integration/event_handler.go:208.42,210.3 1 0
github.com/mautops/approval-gin/internal/integration/event_handler.go:213.2,213.25 1 0
github.com/mautops/approval-gin/internal/integration/event_handler.go:213.25,214.28 1 0
github.com/mautops/approval-gin/internal/integration/event_handler.go:215.17,216.65 1 0
github.com/mautops/approval-gin/internal/integration/event_handler.go:217.16,218.58 1 0
github.com/mautops/approval-gin/internal/integration/event_handler.go:219.17,220.56 1 0
github.com/mautops/approval-gin/internal/integration/event_handler.go:225.2,226.16 2 0
github.com/mautops/approval-gin/internal/integration/event_handler.go:226.16,228.3 1 0
github.com/mautops/approval-gin/internal/integration/event_handler.go:229.2,232.53 2 0
github.com/mautops/approval-gin/internal/integration/event_handler.go:232.53,234.3 1 0
github.com/mautops/approval-gin/internal/integration/event_handler.go:236.2,236.12 1 0
github.com/mautops/approval-gin/internal/integration/event_handler.go:240.33,242.2 1 0
github.com/mautops/approval-gin/internal/integration/task_manager.go:23.50,25.2 1 0
github.com/mautops/approval-gin/internal/integration/task_manager.go:27.55,29.2 1 0
github.com/mautops/approval-gin/internal/integration/task_manager.go:31.48,33.2 1 0
github.com/mautops/approval-gin/internal/integration/task_manager.go:35.49,37.2 1 0
github.com/mautops/approval-gin/internal/integration/task_manager.go:39.62,42.29 3 0
github.com/mautops/approval-gin/internal/integration/task_manager.go:42.29,49.3 1 0
github.com/mautops/approval-gin/internal/integration/task_manager.go:50.2,50.15 1 0
github.com/mautops/approval-gin/internal/integration/task_manager.go:53.65,57.2 1 0
github.com/mautops/approval-gin/internal/integration/task_manager.go:59.56,61.2 1 0
github.com/mautops/approval-gin/internal/integration/task_manager.go:75.155,77.25 1 0
github.com/mautops/approval-gin/internal/integration/task_manager.go:77.25,79.3 1 0
github.com/mautops/approval-gin/internal/integration/task_manager.go:81.2,88.3 1 0
github.com/mautops/approval-gin/internal/integration/task_manager.go:92.114,95.16 2 0
github.com/mautops/approval-gin/internal/integration/task_manager.go:95.16,97.3 1 0
github.com/mautops/approval-gin/internal/integration/task_manager.go:100.2,126.16 4 0
github.com/mautops/approval-gin/internal/integration/task_manager.go:126.16,128.3 1 0
github.com/mautops/approval-gin/internal/integration/task_manager.go:131.2,144.53 2 0
github.com/mautops/approval-gin/internal/integration/task_manager.go:144.53,146.3 1 0
github.com/mautops/approval-gin/internal/integration/task_manager.go:148.2,148.17 1 0
github.com/mautops/approval-gin/internal/integration/task_manager.go:152.60,154.66 2 0
github.com/mautops/approval-gin/internal/integration/task_manager.go:154.66,156.3 1 0
github.com/mautops/approval-gin/internal/integration/task_manager.go:159.2,160.54 2 0
github.com/mautops/approval-gin/internal/integration/task_manager.go:160.54,162.3 1 0
github.com/mautops/approval-gin/internal/integration/task_manager.go:164.2,164.18 1 0
github.com/mautops/approval-gin/internal/integration/task_manager.go:168.30,170.2 1 0
github.com/mautops/approval-gin/internal/integration/task_manager.go:173.32,175.2 1 0
github.com/mautops/approval-gin/internal/integration/task_manager.go:179.49,182.16 2 0
github.com/mautops/approval-gin/internal/integration/task_manager.go:182.16,184.3 1 0
github.com/mautops/approval-gin/internal/integration/task_manager.go:187.2,187.77 1 0
github.com/mautops/approval-gin/internal/integration/task_manager.go:187.77,189.3 1 0
github.com/mautops/approval-gin/internal/integration/task_manager.go:192.2,195.16 4 0
github.com/mautops/approval-gin/internal/integration/task_manager.go:195.16,197.3 1 0
github.com/mautops/approval-gin/internal/integration/task_manager.go:200.2,203.105 2 0
github.com/mautops/approval-gin/internal/integration/task_manager.go:203.105,205.3 1 0
github.com/mautops/approval-gin/internal/integration/task_manager.go:208.2,212.31 3 0
github.com/mautops/approval-gin/internal/integration/task_manager.go:212.31,214.17 2 0
github.com/mautops/approval-gin/internal/integration/task_manager.go:214.17,215.101 1 0
github.com/mautops/approval-gin/internal/integration/task_manager.go:215.101,218.25 2 0
github.com/mautops/approval-gin/internal/integration/task_manager.go:218.25,222.36 2 0
github.com/mautops/approval-gin/internal/integration/task_manager.go:222.36,224.7 1 0
github.com/mautops/approval-gin/internal/integration/task_manager.go:225.6,225.58 1 0
github.com/mautops/approval-gin/internal/integration/task_manager.go:225.58,227.7 1 0
github.com/mautops/approval-gin/internal/integration/task_manager.go:227.12,229.7 1 0
github.com/mautops/approval-gin/internal/integration/task_manager.go:231.6,231.70 1 0
github.com/mautops/approval-gin/internal/integration/task_manager.go:238.2,239.16 2 0
github.com/mautops/approval-gin/internal/integration/task_manager.go:239.16,241.3 1 0
github.com/mautops/approval-gin/internal/integration/task_manager.go:244.2,257.100 2 0
github.com/mautops/approval-gin/internal/integration/task_manager.go:257.100,259.3 1 0
github.com/mautops/approval-gin/internal/integration/task_manager.go:261.2,261.12 1 0
github.com/mautops/approval-gin/internal/integration/task_manager.go:265.98,268.16 2 0
github.com/mautops/approval-gin/internal/integration/task_manager.go:268.16,270.3 1 0
github.com/mautops/approval-gin/internal/integration/task_manager.go:273.2,274.90 2 0
github.com/mautops/approval-gin/internal/integration/task_manager.go:274.90,276.3 1 0
github.com/mautops/approval-gin/internal/integration/task_manager.go:279.2,280.16 2 0
github.com/mautops/approval-gin/internal/integration/task_manager.go:280.16,282.3 1 0
github.com/mautops/approval-gin/internal/integration/task_manager.go:284.2,285.13 2 0
github.com/mautops/approval-gin/internal/integration/task_manager.go:285.13,287.3 1 0
github.com/mautops/approval-gin/internal/integration/task_manager.go:289.2,289.44 1 0
github.com/mautops/approval-gin/internal/integration/task_manager.go:289.44,291.44 2 0
github.com/mautops/approval-gin/internal/integration/task_manager.go:291.44,292.21 1 0
github.com/mautops/approval-gin/internal/integration/task_manager.go:292.21,294.5 1 0
github.com/mautops/approval-gin/internal/integration/task_manager.go:299.2,299.46 1 0
github.com/mautops/approval-gin/internal/integration/task_manager.go:299.46,302.17 3 0
github.com/mautops/approval-gin/internal/integration/task_manager.go:302.17,304.4 1 0
github.com/mautops/approval-gin/internal/integration/task_manager.go:305.3,305.43 1 0
github.com/mautops/approval-gin/internal/integration/task_manager.go:310.2,310.26 1 0
github.com/mautops/approval-gin/internal/integration/task_manager.go:310.26,312.3 1 0
github.com/mautops/approval-gin/internal/integration/task_manager.go:313.2,313.34 1 0
github.com/mautops/approval-gin/internal/integration/task_manager.go:313.34,315.3 1 0
github.com/mautops/approval-gin/internal/integration/task_manager.go:318.2,351.55 6 0
github.com/mautops/approval-gin/internal/integration/task_manager.go:351.55,353.3 1 0
github.com/mautops/approval-gin/internal/integration/task_manager.go:357.2,361.53 3 0
github.com/mautops/approval-gin/internal/integration/task_manager.go:361.53,363.76 1 0
github.com/mautops/approval-gin/internal/integration/task_manager.go:363.76,365.4 1 0
github.com/mautops/approval-gin/internal/integration/task_manager.go:366.8,366.31 1 0
github.com/mautops/approval-gin/internal/integration/task_manager.go:366.31,369.40 2 0
github.com/mautops/approval-gin/internal/integration/task_manager.go:369.40,371.66 2 0
github.com/mautops/approval-gin/internal/integration/task_manager.go:371.66,373.10 2 0
github.com/mautops/approval-gin/internal/integration/task_manager.go:376.3,376.91 1 0
github.com/mautops/approval-gin/internal/integration/task_manager.go:376.91,378.4 1 0
github.com/mautops/approval-gin/internal/integration/task_manager.go:379.8,379.32 1 0
github.com/mautops/approval-gin/internal/integration/task_manager.go:379.32,381.76 1 0
github.com/mautops/approval-gin/internal/integration/task_manager.go:381.76,383.4 1 0
github.com/mautops/approval-gin/internal/integration/task_manager.go:387.2,387.22 1 0
github.com/mautops/approval-gin/internal/integration/task_manager.go:387.22,391.17 4 0
github.com/mautops/approval-gin/internal/integration/task_manager.go:391.17,393.4 1 0
github.com/mautops/approval-gin/internal/integration/task_manager.go:394.3,397.110 2 0
github.com/mautops/approval-gin/internal/integration/task_manager.go:397.110,399.4 1 0
github.com/mautops/approval-gin/internal/integration/task_manager.go:402.3,402.32 1 0
github.com/mautops/approval-gin/internal/integration/task_manager.go:402.32,404.4 1 0
github.com/mautops/approval-gin/internal/integration/task_manager.go:406.3,407.54 2 0
github.com/mautops/approval-gin/internal/integration/task_manager.go:407.54,408.33 1 0
github.com/mautops/approval-gin/internal/integration/task_manager.go:408.33,410.10 2 0
github.com/mautops/approval-gin/internal/integration/task_manager.go:413.3,413.13 1 0
github.com/mautops/approval-gin/internal/integration/task_manager.go:413.13,415.4 1 0
github.com/mautops/approval-gin/internal/integration/task_manager.go:418.3,419.23 2 0
github.com/mautops/approval-gin/internal/integration/task_manager.go:419.23,422.30 2 0
github.com/mautops/approval-gin/internal/integration/task_manager.go:422.30,424.5 1 0
github.com/mautops/approval-gin/internal/integration/task_manager.go:425.4,426.36 2 0
[...]
github.com/mautops/approval-gin/internal/service/statistics_service.go:143.28,148.3 1 0
github.com/mautops/approval-gin/internal/service/statistics_service.go:150.2,150.19 1 0
github.com/mautops/approval-gin/internal/service/statistics_service.go:154.82,157.16 3 0
github.com/mautops/approval-gin/internal/service/statistics_service.go:157.16,159.3 1 0
github.com/mautops/approval-gin/internal/service/statistics_service.go:161.2,165.16 3 0
github.com/mautops/approval-gin/internal/service/statistics_service.go:165.16,167.3 1 0
github.com/mautops/approval-gin/internal/service/statistics_service.go:169.2,173.16 3 0
github.com/mautops/approval-gin/internal/service/statistics_service.go:173.16,175.3 1 0
github.com/mautops/approval-gin/internal/service/statistics_service.go:177.2,178.20 2 0
github.com/mautops/approval-gin/internal/service/statistics_service.go:178.20,180.3 1 0
github.com/mautops/approval-gin/internal/service/statistics_service.go:183.2,191.8 2 0
github.com/mautops/approval-gin/internal/service/task_service.go:136.135,138.47 2 0
github.com/mautops/approval-gin/internal/service/task_service.go:138.47,140.3 1 0
github.com/mautops/approval-gin/internal/service/task_service.go:141.2,146.3 1 0
github.com/mautops/approval-gin/internal/service/task_service.go:150.95,153.16 2 0
github.com/mautops/approval-gin/internal/service/task_service.go:153.16,155.3 1 0
github.com/mautops/approval-gin/internal/service/task_service.go:158.2,161.26 2 0
github.com/mautops/approval-gin/internal/service/task_service.go:161.26,163.19 2 0
github.com/mautops/approval-gin/internal/service/task_service.go:163.19,166.4 2 0
github.com/mautops/approval-gin/internal/service/task_service.go:172.2,174.18 2 0
github.com/mautops/approval-gin/internal/service/task_service.go:178.58,180.2 1 0
github.com/mautops/approval-gin/internal/service/task_service.go:183.68,184.45 1 0
github.com/mautops/approval-gin/internal/service/task_service.go:184.45,186.3 1 0
github.com/mautops/approval-gin/internal/service/task_service.go:189.2,189.26 1 0
github.com/mautops/approval-gin/internal/service/task_service.go:189.26,191.19 2 0
github.com/mautops/approval-gin/internal/service/task_service.go:191.19,194.4 2 0
github.com/mautops/approval-gin/internal/service/task_service.go:197.2,197.12 1 0
github.com/mautops/approval-gin/internal/service/task_service.go:201.90,203.30 2 0
github.com/mautops/approval-gin/internal/service/task_service.go:203.30,205.3 1 0
github.com/mautops/approval-gin/internal/service/task_service.go:205.8,207.3 1 0
github.com/mautops/approval-gin/internal/service/task_service.go:208.2,208.16 1 0
github.com/mautops/approval-gin/internal/service/task_service.go:208.16,210.3 1 0
github.com/mautops/approval-gin/internal/service/task_service.go:213.2,216.26 2 0
github.com/mautops/approval-gin/internal/service/task_service.go:216.26,218.19 2 0
github.com/mautops/approval-gin/internal/service/task_service.go:218.19,221.4 2 0
github.com/mautops/approval-gin/internal/service/task_service.go:224.2,224.12 1 0
github.com/mautops/approval-gin/internal/service/task_service.go:228.88,230.30 2 0
github.com/mautops/approval-gin/internal/service/task_service.go:230.30,232.3 1 0
github.com/mautops/approval-gin/internal/service/task_service.go:232.8,234.3 1 0
github.com/mautops/approval-gin/internal/service/task_service.go:235.2,235.16 1 0
github.com/mautops/approval-gin/internal/service/task_service.go:235.16,237.3 1 0
github.com/mautops/approval-gin/internal/service/task_service.go:240.2,243.26 2 0
github.com/mautops/approval-gin/internal/service/task_service.go:243.26,245.19 2 0
github.com/mautops/approval-gin/internal/service/task_service.go:245.19,248.4 2 0
github.com/mautops/approval-gin/internal/service/task_service.go:251.2,251.12 1 0
github.com/mautops/approval-gin/internal/service/task_service.go:255.83,256.53 1 0
github.com/mautops/approval-gin/internal/service/task_service.go:256.53,258.3 1 0
github.com/mautops/approval-gin/internal/service/task_service.go:261.2,261.26 1 0
github.com/mautops/approval-gin/internal/service/task_service.go:261.26,263.19 2 0
github.com/mautops/approval-gin/internal/service/task_service.go:263.19,266.4 2 0
github.com/mautops/approval-gin/internal/service/task_service.go:269.2,269.12 1 0
github.com/mautops/approval-gin/internal/service/task_service.go:273.85,274.55 1 0
github.com/mautops/approval-gin/internal/service/task_service.go:274.55,276.3 1 0
github.com/mautops/approval-gin/internal/service/task_service.go:279.2,279.26 1 0
github.com/mautops/approval-gin/internal/service/task_service.go:279.26,281.19 2 0
github.com/mautops/approval-gin/internal/service/task_service.go:281.19,284.4 2 0
github.com/mautops/approval-gin/internal/service/task_service.go:287.2,287.12 1 0
github.com/mautops/approval-gin/internal/service/task_service.go:291.92,292.105 1 0
github.com/mautops/approval-gin/internal/service/task_service.go:292.105,294.3 1 0
github.com/mautops/approval-gin/internal/service/task_service.go:297.2,297.26 1 0
github.com/mautops/approval-gin/internal/service/task_service.go:297.26,299.19 2 0
github.com/mautops/approval-gin/internal/service/task_service.go:299.19,302.4 2 0
github.com/mautops/approval-gin/internal/service/task_service.go:305.2,305.12 1 0
github.com/mautops/approval-gin/internal/service/task_service.go:309.98,310.88 1 0
github.com/mautops/approval-gin/internal/service/task_service.go:310.88,312.3 1 0
github.com/mautops/approval-gin/internal/service/task_service.go:315.2,315.26 1 0
github.com/mautops/approval-gin/internal/service/task_service.go:315.26,317.19 2 0
github.com/mautops/approval-gin/internal/service/task_service.go:317.19,320.4 2 0
github.com/mautops/approval-gin/internal/service/task_service.go:323.2,323.12 1 0
github.com/mautops/approval-gin/internal/service/task_service.go:327.104,328.91 1 0
github.com/mautops/approval-gin/internal/service/task_service.go:328.91,330.3 1 0
github.com/mautops/approval-gin/internal/service/task_service.go:333.2,333.26 1 0
github.com/mautops/approval-gin/internal/service/task_service.go:333.26,335.19 2 0
github.com/mautops/approval-gin/internal/service/task_service.go:335.19,338.4 2 0
github.com/mautops/approval-gin/internal/service/task_service.go:341.2,341.12 1 0
github.com/mautops/approval-gin/internal/service/task_service.go:345.82,346.52 1 0
github.com/mautops/approval-gin/internal/service/task_service.go:346.52,348.3 1 0
github.com/mautops/approval-gin/internal/service/task_service.go:351.2,351.26 1 0
github.com/mautops/approval-gin/internal/service/task_service.go:351.26,353.19 2 0
github.com/mautops/approval-gin/internal/service/task_service.go:353.19,356.4 2 0
github.com/mautops/approval-gin/internal/service/task_service.go:359.2,359.12 1 0
github.com/mautops/approval-gin/internal/service/task_service.go:363.83,364.53 1 0
github.com/mautops/approval-gin/internal/service/task_service.go:364.53,366.3 1 0
github.com/mautops/approval-gin/internal/service/task_service.go:369.2,369.26 1 0
github.com/mautops/approval-gin/internal/service/task_service.go:369.26,371.19 2 0
github.com/mautops/approval-gin/internal/service/task_service.go:371.19,374.4 2 0
github.com/mautops/approval-gin/internal/service/task_service.go:377.2,377.12 1 0
github.com/mautops/approval-gin/internal/service/task_service.go:381.98,382.77 1 0
github.com/mautops/approval-gin/internal/service/task_service.go:382.77,384.3 1 0
github.com/mautops/approval-gin/internal/service/task_service.go:387.2,387.26 1 0
github.com/mautops/approval-gin/internal/service/task_service.go:387.26,389.19 2 0
github.com/mautops/approval-gin/internal/service/task_service.go:389.19,392.4 2 0
github.com/mautops/approval-gin/internal/service/task_service.go:395.2,395.12 1 0
github.com/mautops/approval-gin/internal/service/task_service.go:399.106,400.112 1 0
github.com/mautops/approval-gin/internal/service/task_service.go:400.112,402.3 1 0
github.com/mautops/approval-gin/internal/service/task_service.go:405.2,405.26 1 0
github.com/mautops/approval-gin/internal/service/task_service.go:405.26,407.19 2 0
github.com/mautops/approval-gin/internal/service/task_service.go:407.19,410.4 2 0
github.com/mautops/approval-gin/internal/service/task_service.go:413.2,413.12 1 0
github.com/mautops/approval-gin/internal/service/task_service.go:417.115,420.37 2 0
github.com/mautops/approval-gin/internal/service/task_service.go:420.37,431.17 4 0
github.com/mautops/approval-gin/internal/service/task_service.go:431.17,433.4 1 0
github.com/mautops/approval-gin/internal/service/task_service.go:434.3,434.36 1 0
github.com/mautops/approval-gin/internal/service/task_service.go:437.2,437.21 1 0
github.com/mautops/approval-gin/internal/service/task_service.go:441.117,444.37 2 0
github.com/mautops/approval-gin/internal/service/task_service.go:444.37,457.17 4 0
github.com/mautops/approval-gin/internal/service/task_service.go:457.17,459.4 1 0
github.com/mautops/approval-gin/internal/service/task_service.go:460.3,460.36 1 0
github.com/mautops/approval-gin/internal/service/task_service.go:463.2,463.21 1 0
github.com/mautops/approval-gin/internal/service/template_service.go:88.155,90.24 2 0
github.com/mautops/approval-gin/internal/service/template_service.go:90.24,92.3 1 0
github.com/mautops/approval-gin/internal/service/template_service.go:93.2,100.3 1 0
github.com/mautops/approval-gin/internal/service/template_service.go:104.34,106.2 1 0
github.com/mautops/approval-gin/internal/service/template_service.go:109.111,124.50 2 0
github.com/mautops/approval-gin/internal/service/template_service.go:124.50,126.3 1 0
github.com/mautops/approval-gin/internal/service/template_service.go:129.2,129.26 1 0
github.com/mautops/approval-gin/internal/service/template_service.go:129.26,131.19 2 0
github.com/mautops/approval-gin/internal/service/template_service.go:131.19,134.4 2 0
github.com/mautops/approval-gin/internal/service/template_service.go:141.2,141.17 1 0
github.com/mautops/approval-gin/internal/service/template_service.go:145.83,150.49 2 0
github.com/mautops/approval-gin/internal/service/template_service.go:150.49,152.41 2 0
github.com/mautops/approval-gin/internal/service/template_service.go:152.41,155.4 1 0
github.com/mautops/approval-gin/internal/service/template_service.go:157.3,157.27 1 0
github.com/mautops/approval-gin/internal/service/template_service.go:161.2,162.16 2 0
github.com/mautops/approval-gin/internal/service/template_service.go:162.16,164.3 1 0
github.com/mautops/approval-gin/internal/service/template_service.go:167.2,173.22 3 0
github.com/mautops/approval-gin/internal/service/template_service.go:177.122,180.16 2 0
github.com/mautops/approval-gin/internal/service/template_service.go:180.16,182.3 1 0
github.com/mautops/approval-gin/internal/service/template_service.go:185.2,198.58 2 0
github.com/mautops/approval-gin/internal/service/template_service.go:198.58,200.3 1 0
github.com/mautops/approval-gin/internal/service/template_service.go:203.2,207.16 3 0
github.com/mautops/approval-gin/internal/service/template_service.go:207.16,209.3 1 0
github.com/mautops/approval-gin/internal/service/template_service.go:212.2,212.26 1 0
github.com/mautops/approval-gin/internal/service/template_service.go:212.26,214.19 2 0
github.com/mautops/approval-gin/internal/service/template_service.go:214.19,217.4 2 0
github.com/mautops/approval-gin/internal/service/template_service.go:220.2,220.20 1 0
github.com/mautops/approval-gin/internal/service/template_service.go:224.72,232.49 3 0
github.com/mautops/approval-gin/internal/service/template_service.go:232.49,234.3 1 0
github.com/mautops/approval-gin/internal/service/template_service.go:237.2,237.26 1 0
github.com/mautops/approval-gin/internal/service/template_service.go:237.26,239.19 2 0
github.com/mautops/approval-gin/internal/service/template_service.go:239.19,241.23 2 0
github.com/mautops/approval-gin/internal/service/template_service.go:241.23,243.5 1 0
github.com/mautops/approval-gin/internal/service/template_service.go:244.4,245.82 2 0
github.com/mautops/approval-gin/internal/service/template_service.go:249.2,249.12 1 0
github.com/mautops/approval-gin/internal/service/template_service.go:253.91,254.19 1 0
github.com/mautops/approval-gin/internal/service/template_service.go:254.19,261.3 1 0
github.com/mautops/approval-gin/internal/service/template_service.go:264.2,264.22 1 0
github.com/mautops/approval-gin/internal/service/template_service.go:264.22,266.3 1 0
github.com/mautops/approval-gin/internal/service/template_service.go:267.2,267.26 1 0
github.com/mautops/approval-gin/internal/service/template_service.go:267.26,269.3 1 0
github.com/mautops/approval-gin/internal/service/template_service.go:270.2,270.25 1 0
github.com/mautops/approval-gin/internal/service/template_service.go:270.25,272.3 1 0
github.com/mautops/approval-gin/internal/service/template_service.go:273.2,273.24 1 0
github.com/mautops/approval-gin/internal/service/template_service.go:273.24,275.3 1 0
github.com/mautops/approval-gin/internal/service/template_service.go:278.2,281.25 2 0
github.com/mautops/approval-gin/internal/service/template_service.go:281.25,284.3 2 0
github.com/mautops/approval-gin/internal/service/template_service.go:287.2,288.50 2 0
github.com/mautops/approval-gin/internal/service/template_service.go:288.50,290.3 1 0
github.com/mautops/approval-gin/internal/service/template_service.go:293.2,294.18 2 0
github.com/mautops/approval-gin/internal/service/template_service.go:294.18,296.3 1 0
github.com/mautops/approval-gin/internal/service/template_service.go:298.2,298.56 1 0
github.com/mautops/approval-gin/internal/service/template_service.go:298.56,300.3 1 0
github.com/mautops/approval-gin/internal/service/template_service.go:302.2,303.17 2 0
github.com/mautops/approval-gin/internal/service/template_service.go:303.17,305.3 1 0
github.com/mautops/approval-gin/internal/service/template_service.go:307.2,307.55 1 0
github.com/mautops/approval-gin/internal/service/template_service.go:307.55,309.3 1 0
github.com/mautops/approval-gin/internal/service/template_service.go:310.2,318.50 5 0
github.com/mautops/approval-gin/internal/service/template_service.go:318.50,320.3 1 0
github.com/mautops/approval-gin/internal/service/template_service.go:323.2,324.27 2 0
github.com/mautops/approval-gin/internal/service/template_service.go:324.27,326.54 2 0
github.com/mautops/approval-gin/internal/service/template_service.go:326.54,327.12 1 0
github.com/mautops/approval-gin/internal/service/template_service.go:329.3,329.38 1 0
github.com/mautops/approval-gin/internal/service/template_service.go:333.2,334.36 2 0
github.com/mautops/approval-gin/internal/service/template_service.go:334.36,336.3 1 0
github.com/mautops/approval-gin/internal/service/template_service.go:338.2,346.8 1 0
github.com/mautops/approval-gin/internal/service/template_service.go:350.66,352.2 1 0
github.com/mautops/approval-gin/internal/service/template_service.go:355.55,356.16 1 0
github.com/mautops/approval-gin/internal/service/template_service.go:356.16,358.3 1 0
github.com/mautops/approval-gin/internal/service/template_service.go:360.2,360.53 1 0
github.com/mautops/approval-gin/internal/service/template_service.go:360.53,362.3 1 0
github.com/mautops/approval-gin/internal/service/template_service.go:363.2,363.11 1 0
github.com/mautops/approval-gin/internal/service/template_service.go:367.70,368.17 1 0
github.com/mautops/approval-gin/internal/service/template_service.go:368.17,372.3 2 0
github.com/mautops/approval-gin/internal/service/template_service.go:372.8,374.51 1 0
github.com/mautops/approval-gin/internal/service/template_service.go:374.51,376.81 2 0
github.com/mautops/approval-gin/internal/service/template_service.go:376.81,378.5 1 0
github.com/mautops/approval-gin/internal/service/template_service.go:379.4,379.15 1 0
github.com/mautops/approval-gin/internal/websocket/client.go:43.82,51.2 1 0
github.com/mautops/approval-gin/internal/websocket/client.go:54.29,55.15 1 0
github.com/mautops/approval-gin/internal/websocket/client.go:55.15,58.3 2 0
github.com/mautops/approval-gin/internal/websocket/client.go:60.2,62.43 3 0
github.com/mautops/approval-gin/internal/websocket/client.go:62.43,65.3 2 0
github.com/mautops/approval-gin/internal/websocket/client.go:67.2,67.6 1 0
github.com/mautops/approval-gin/internal/websocket/client.go:67.6,69.17 2 0
github.com/mautops/approval-gin/internal/websocket/client.go:69.17,70.103 1 0
github.com/mautops/approval-gin/internal/websocket/client.go:70.103,72.5 1 0
github.com/mautops/approval-gin/internal/websocket/client.go:73.4,73.9 1 0
github.com/mautops/approval-gin/internal/websocket/client.go:79.30,81.15 2 0
github.com/mautops/approval-gin/internal/websocket/client.go:81.15,84.3 2 0
github.com/mautops/approval-gin/internal/websocket/client.go:86.2,86.6 1 0
github.com/mautops/approval-gin/internal/websocket/client.go:86.6,87.10 1 0
github.com/mautops/approval-gin/internal/websocket/client.go:88.32,90.11 2 0
github.com/mautops/approval-gin/internal/websocket/client.go:90.11,94.5 2 0
github.com/mautops/approval-gin/internal/websocket/client.go:96.4,97.18 2 0
github.com/mautops/approval-gin/internal/websocket/client.go:97.18,99.5 1 0
github.com/mautops/approval-gin/internal/websocket/client.go:100.4,104.27 3 0
github.com/mautops/approval-gin/internal/websocket/client.go:104.27,107.5 2 0
github.com/mautops/approval-gin/internal/websocket/client.go:109.4,109.36 1 0
github.com/mautops/approval-gin/internal/websocket/client.go:109.36,111.5 1 0
github.com/mautops/approval-gin/internal/websocket/client.go:113.19,115.74 2 0
github.com/mautops/approval-gin/internal/websocket/client.go:115.74,117.5 1 0
github.com/mautops/approval-gin/internal/websocket/handler.go:13.42,16.3 1 0
github.com/mautops/approval-gin/internal/websocket/handler.go:21.89,22.30 1 0
github.com/mautops/approval-gin/internal/websocket/handler.go:22.30,25.18 2 0
github.com/mautops/approval-gin/internal/websocket/handler.go:25.18,28.4 2 0
github.com/mautops/approval-gin/internal/websocket/handler.go:31.3,32.17 2 0
github.com/mautops/approval-gin/internal/websocket/handler.go:32.17,35.4 2 0
github.com/mautops/approval-gin/internal/websocket/handler.go:38.3,39.17 2 0
github.com/mautops/approval-gin/internal/websocket/handler.go:39.17,42.4 2 0
github.com/mautops/approval-gin/internal/websocket/handler.go:45.3,57.24 4 0
github.com/mautops/approval-gin/internal/websocket/hub.go:26.20,33.2 1 0
github.com/mautops/approval-gin/internal/websocket/hub.go:36.21,37.6 1 0
github.com/mautops/approval-gin/internal/websocket/hub.go:37.6,38.10 1 0
github.com/mautops/approval-gin/internal/websocket/hub.go:39.31,42.17 3 0
github.com/mautops/approval-gin/internal/websocket/hub.go:44.33,46.38 2 0
github.com/mautops/approval-gin/internal/websocket/hub.go:46.38,49.5 2 0
github.com/mautops/approval-gin/internal/websocket/hub.go:50.4,50.17 1 0
github.com/mautops/approval-gin/internal/websocket/hub.go:52.33,54.34 2 0
github.com/mautops/approval-gin/internal/websocket/hub.go:54.34,55.12 1 0
github.com/mautops/approval-gin/internal/websocket/hub.go:56.33,56.33 0 0
github.com/mautops/approval-gin/internal/websocket/hub.go:57.13,59.31 2 0
github.com/mautops/approval-gin/internal/websocket/hub.go:62.4,62.18 1 0
github.com/mautops/approval-gin/internal/websocket/hub.go:68.62,72.32 3 0
github.com/mautops/approval-gin/internal/websocket/hub.go:72.32,73.30 1 0
github.com/mautops/approval-gin/internal/websocket/hub.go:73.30,74.11 1 0
github.com/mautops/approval-gin/internal/websocket/hub.go:75.32,75.32 0 0
github.com/mautops/approval-gin/internal/websocket/hub.go:76.12,78.30 2 0
github.com/mautops/approval-gin/internal/websocket/hub.go:85.47,89.32 3 0
github.com/mautops/approval-gin/internal/websocket/hub.go:89.32,90.28 1 0
github.com/mautops/approval-gin/internal/websocket/hub.go:90.28,92.4 1 0
github.com/mautops/approval-gin/internal/websocket/hub.go:94.2,94.14 1 0
github.com/mautops/approval-gin/internal/websocket/hub.go:98.36,103.2 3 0
